\BOOKMARK [0][-]{chapter.1}{\376\377\000I\000n\000d\000e\000x\000\040\000d\000e\000s\000\040\000e\000s\000p\000a\000c\000e\000s\000\040\000d\000e\000\040\000n\000o\000m\000m\000a\000g\000e}{}% 1
\BOOKMARK [1][-]{section.1.1}{\376\377\000L\000i\000s\000t\000e\000\040\000d\000e\000s\000\040\000e\000s\000p\000a\000c\000e\000s\000\040\000d\000e\000\040\000n\000o\000m\000m\000a\000g\000e}{chapter.1}% 2
\BOOKMARK [0][-]{chapter.2}{\376\377\000I\000n\000d\000e\000x\000\040\000d\000e\000s\000\040\000c\000l\000a\000s\000s\000e\000s}{}% 3
\BOOKMARK [1][-]{section.2.1}{\376\377\000L\000i\000s\000t\000e\000\040\000d\000e\000s\000\040\000c\000l\000a\000s\000s\000e\000s}{chapter.2}% 4
\BOOKMARK [0][-]{chapter.3}{\376\377\000I\000n\000d\000e\000x\000\040\000d\000e\000s\000\040\000f\000i\000c\000h\000i\000e\000r\000s}{}% 5
\BOOKMARK [1][-]{section.3.1}{\376\377\000L\000i\000s\000t\000e\000\040\000d\000e\000s\000\040\000f\000i\000c\000h\000i\000e\000r\000s}{chapter.3}% 6
\BOOKMARK [0][-]{chapter.4}{\376\377\000D\000o\000c\000u\000m\000e\000n\000t\000a\000t\000i\000o\000n\000\040\000d\000e\000s\000\040\000e\000s\000p\000a\000c\000e\000s\000\040\000d\000e\000\040\000n\000o\000m\000m\000a\000g\000e}{}% 7
\BOOKMARK [1][-]{section.4.1}{\376\377\000R\000\351\000f\000\351\000r\000e\000n\000c\000e\000\040\000d\000e\000\040\000l\000'\000e\000s\000p\000a\000c\000e\000\040\000d\000e\000\040\000n\000o\000m\000m\000a\000g\000e\000\040\000x\000s\000l}{chapter.4}% 8
\BOOKMARK [0][-]{chapter.5}{\376\377\000D\000o\000c\000u\000m\000e\000n\000t\000a\000t\000i\000o\000n\000\040\000d\000e\000s\000\040\000c\000l\000a\000s\000s\000e\000s}{}% 9
\BOOKMARK [1][-]{section.5.1}{\376\377\000R\000\351\000f\000\351\000r\000e\000n\000c\000e\000\040\000d\000e\000\040\000l\000a\000\040\000c\000l\000a\000s\000s\000e\000\040\000x\000s\000l\000:\000:\000M\000a\000p\000C\000r\000e\000a\000t\000o\000r}{chapter.5}% 10
\BOOKMARK [2][-]{subsection.5.1.1}{\376\377\000D\000e\000s\000c\000r\000i\000p\000t\000i\000o\000n\000\040\000d\000\351\000t\000a\000i\000l\000l\000\351\000e}{section.5.1}% 11
\BOOKMARK [2][-]{subsection.5.1.2}{\376\377\000D\000o\000c\000u\000m\000e\000n\000t\000a\000t\000i\000o\000n\000\040\000d\000e\000s\000\040\000c\000o\000n\000s\000t\000r\000u\000c\000t\000e\000u\000r\000s\000\040\000e\000t\000\040\000d\000e\000s\000t\000r\000u\000c\000t\000e\000u\000r}{section.5.1}% 12
\BOOKMARK [3][-]{subsubsection.5.1.2.1}{\376\377\000M\000a\000p\000C\000r\000e\000a\000t\000o\000r}{subsection.5.1.2}% 13
\BOOKMARK [3][-]{subsubsection.5.1.2.2}{\376\377\000M\000a\000p\000C\000r\000e\000a\000t\000o\000r}{subsection.5.1.2}% 14
\BOOKMARK [2][-]{subsection.5.1.3}{\376\377\000D\000o\000c\000u\000m\000e\000n\000t\000a\000t\000i\000o\000n\000\040\000d\000e\000s\000\040\000f\000o\000n\000c\000t\000i\000o\000n\000s\000\040\000m\000e\000m\000b\000r\000e\000s}{section.5.1}% 15
\BOOKMARK [3][-]{subsubsection.5.1.3.1}{\376\377\000c\000h\000e\000c\000k\000T\000e\000m\000p\000l\000a\000t\000e}{subsection.5.1.3}% 16
\BOOKMARK [3][-]{subsubsection.5.1.3.2}{\376\377\000p\000o\000p\000u\000l\000a\000t\000e\000M\000a\000p}{subsection.5.1.3}% 17
\BOOKMARK [3][-]{subsubsection.5.1.3.3}{\376\377\000v\000i\000s\000i\000t}{subsection.5.1.3}% 18
\BOOKMARK [3][-]{subsubsection.5.1.3.4}{\376\377\000v\000i\000s\000i\000t}{subsection.5.1.3}% 19
\BOOKMARK [3][-]{subsubsection.5.1.3.5}{\376\377\000v\000i\000s\000i\000t}{subsection.5.1.3}% 20
\BOOKMARK [2][-]{subsection.5.1.4}{\376\377\000D\000o\000c\000u\000m\000e\000n\000t\000a\000t\000i\000o\000n\000\040\000d\000e\000s\000\040\000d\000o\000n\000n\000\351\000e\000s\000\040\000m\000e\000m\000b\000r\000e\000s}{section.5.1}% 21
\BOOKMARK [3][-]{subsubsection.5.1.4.1}{\376\377\000m\000a\000p\000T\000e\000m\000p}{subsection.5.1.4}% 22
\BOOKMARK [3][-]{subsubsection.5.1.4.2}{\376\377\000T\000E\000M\000P\000L\000A\000T\000E}{subsection.5.1.4}% 23
\BOOKMARK [1][-]{section.5.2}{\376\377\000R\000\351\000f\000\351\000r\000e\000n\000c\000e\000\040\000d\000e\000\040\000l\000a\000\040\000c\000l\000a\000s\000s\000e\000\040\000x\000s\000l\000:\000:\000R\000e\000c\000u\000r\000s\000i\000v\000e\000T\000r\000a\000n\000s\000f\000o\000r\000m\000e\000r\000V\000i\000s\000i\000t\000o\000r}{chapter.5}% 24
\BOOKMARK [2][-]{subsection.5.2.1}{\376\377\000D\000e\000s\000c\000r\000i\000p\000t\000i\000o\000n\000\040\000d\000\351\000t\000a\000i\000l\000l\000\351\000e}{section.5.2}% 25
\BOOKMARK [2][-]{subsection.5.2.2}{\376\377\000D\000o\000c\000u\000m\000e\000n\000t\000a\000t\000i\000o\000n\000\040\000d\000e\000s\000\040\000c\000o\000n\000s\000t\000r\000u\000c\000t\000e\000u\000r\000s\000\040\000e\000t\000\040\000d\000e\000s\000t\000r\000u\000c\000t\000e\000u\000r}{section.5.2}% 26
\BOOKMARK [3][-]{subsubsection.5.2.2.1}{\376\377\000R\000e\000c\000u\000r\000s\000i\000v\000e\000T\000r\000a\000n\000s\000f\000o\000r\000m\000e\000r\000V\000i\000s\000i\000t\000o\000r}{subsection.5.2.2}% 27
\BOOKMARK [3][-]{subsubsection.5.2.2.2}{\376\377\000R\000e\000c\000u\000r\000s\000i\000v\000e\000T\000r\000a\000n\000s\000f\000o\000r\000m\000e\000r\000V\000i\000s\000i\000t\000o\000r}{subsection.5.2.2}% 28
\BOOKMARK [2][-]{subsection.5.2.3}{\376\377\000D\000o\000c\000u\000m\000e\000n\000t\000a\000t\000i\000o\000n\000\040\000d\000e\000s\000\040\000f\000o\000n\000c\000t\000i\000o\000n\000s\000\040\000m\000e\000m\000b\000r\000e\000s}{section.5.2}% 29
\BOOKMARK [3][-]{subsubsection.5.2.3.1}{\376\377\000t\000r\000a\000n\000s\000f\000o\000r\000m}{subsection.5.2.3}% 30
\BOOKMARK [3][-]{subsubsection.5.2.3.2}{\376\377\000v\000i\000s\000i\000t}{subsection.5.2.3}% 31
\BOOKMARK [3][-]{subsubsection.5.2.3.3}{\376\377\000v\000i\000s\000i\000t}{subsection.5.2.3}% 32
\BOOKMARK [3][-]{subsubsection.5.2.3.4}{\376\377\000v\000i\000s\000i\000t}{subsection.5.2.3}% 33
\BOOKMARK [2][-]{subsection.5.2.4}{\376\377\000D\000o\000c\000u\000m\000e\000n\000t\000a\000t\000i\000o\000n\000\040\000d\000e\000s\000\040\000d\000o\000n\000n\000\351\000e\000s\000\040\000m\000e\000m\000b\000r\000e\000s}{section.5.2}% 34
\BOOKMARK [3][-]{subsubsection.5.2.4.1}{\376\377\000\137\000p\000r\000o\000x\000y}{subsection.5.2.4}% 35
\BOOKMARK [3][-]{subsubsection.5.2.4.2}{\376\377\000\137\000r\000e\000s\000u\000l\000t}{subsection.5.2.4}% 36
\BOOKMARK [3][-]{subsubsection.5.2.4.3}{\376\377\000\137\000t\000r\000a\000n\000s\000f\000o\000r\000m\000e\000r}{subsection.5.2.4}% 37
\BOOKMARK [1][-]{section.5.3}{\376\377\000R\000\351\000f\000\351\000r\000e\000n\000c\000e\000\040\000d\000e\000\040\000l\000a\000\040\000c\000l\000a\000s\000s\000e\000\040\000x\000s\000l\000:\000:\000S\000i\000m\000p\000l\000e\000C\000o\000p\000y\000V\000i\000s\000i\000t\000o\000r}{chapter.5}% 38
\BOOKMARK [2][-]{subsection.5.3.1}{\376\377\000D\000e\000s\000c\000r\000i\000p\000t\000i\000o\000n\000\040\000d\000\351\000t\000a\000i\000l\000l\000\351\000e}{section.5.3}% 39
\BOOKMARK [2][-]{subsection.5.3.2}{\376\377\000D\000o\000c\000u\000m\000e\000n\000t\000a\000t\000i\000o\000n\000\040\000d\000e\000s\000\040\000c\000o\000n\000s\000t\000r\000u\000c\000t\000e\000u\000r\000s\000\040\000e\000t\000\040\000d\000e\000s\000t\000r\000u\000c\000t\000e\000u\000r}{section.5.3}% 40
\BOOKMARK [3][-]{subsubsection.5.3.2.1}{\376\377\000S\000i\000m\000p\000l\000e\000C\000o\000p\000y\000V\000i\000s\000i\000t\000o\000r}{subsection.5.3.2}% 41
\BOOKMARK [3][-]{subsubsection.5.3.2.2}{\376\377\000S\000i\000m\000p\000l\000e\000C\000o\000p\000y\000V\000i\000s\000i\000t\000o\000r}{subsection.5.3.2}% 42
\BOOKMARK [3][-]{subsubsection.5.3.2.3}{\376\377\000S\000i\000m\000p\000l\000e\000C\000o\000p\000y\000V\000i\000s\000i\000t\000o\000r}{subsection.5.3.2}% 43
\BOOKMARK [2][-]{subsection.5.3.3}{\376\377\000D\000o\000c\000u\000m\000e\000n\000t\000a\000t\000i\000o\000n\000\040\000d\000e\000s\000\040\000f\000o\000n\000c\000t\000i\000o\000n\000s\000\040\000m\000e\000m\000b\000r\000e\000s}{section.5.3}% 44
\BOOKMARK [3][-]{subsubsection.5.3.3.1}{\376\377\000c\000o\000p\000y}{subsection.5.3.3}% 45
\BOOKMARK [3][-]{subsubsection.5.3.3.2}{\376\377\000v\000i\000s\000i\000t}{subsection.5.3.3}% 46
\BOOKMARK [3][-]{subsubsection.5.3.3.3}{\376\377\000v\000i\000s\000i\000t}{subsection.5.3.3}% 47
\BOOKMARK [3][-]{subsubsection.5.3.3.4}{\376\377\000v\000i\000s\000i\000t}{subsection.5.3.3}% 48
\BOOKMARK [2][-]{subsection.5.3.4}{\376\377\000D\000o\000c\000u\000m\000e\000n\000t\000a\000t\000i\000o\000n\000\040\000d\000e\000s\000\040\000d\000o\000n\000n\000\351\000e\000s\000\040\000m\000e\000m\000b\000r\000e\000s}{section.5.3}% 49
\BOOKMARK [3][-]{subsubsection.5.3.4.1}{\376\377\000\137\000c\000o\000p\000i\000e\000d\000N\000o\000d\000e}{subsection.5.3.4}% 50
\BOOKMARK [3][-]{subsubsection.5.3.4.2}{\376\377\000\137\000p\000a\000r\000e\000n\000t\000P\000r\000o\000x\000y}{subsection.5.3.4}% 51
\BOOKMARK [3][-]{subsubsection.5.3.4.3}{\376\377\000\137\000t\000r\000a\000n\000s\000f\000o\000r\000m\000e\000r}{subsection.5.3.4}% 52
\BOOKMARK [1][-]{section.5.4}{\376\377\000R\000\351\000f\000\351\000r\000e\000n\000c\000e\000\040\000d\000e\000\040\000l\000a\000\040\000c\000l\000a\000s\000s\000e\000\040\000x\000s\000l\000:\000:\000T\000r\000a\000n\000s\000f\000o\000r\000m\000e\000r\000V\000i\000s\000i\000t\000o\000r}{chapter.5}% 53
\BOOKMARK [2][-]{subsection.5.4.1}{\376\377\000D\000e\000s\000c\000r\000i\000p\000t\000i\000o\000n\000\040\000d\000\351\000t\000a\000i\000l\000l\000\351\000e}{section.5.4}% 54
\BOOKMARK [2][-]{subsection.5.4.2}{\376\377\000D\000o\000c\000u\000m\000e\000n\000t\000a\000t\000i\000o\000n\000\040\000d\000e\000s\000\040\000d\000\351\000f\000i\000n\000i\000t\000i\000o\000n\000s\000\040\000d\000e\000\040\000t\000y\000p\000e\000\040\000m\000e\000m\000b\000r\000e\000s}{section.5.4}% 55
\BOOKMARK [3][-]{subsubsection.5.4.2.1}{\376\377\000m\000a\000p\000X\000s\000l}{subsection.5.4.2}% 56
\BOOKMARK [2][-]{subsection.5.4.3}{\376\377\000D\000o\000c\000u\000m\000e\000n\000t\000a\000t\000i\000o\000n\000\040\000d\000e\000s\000\040\000c\000o\000n\000s\000t\000r\000u\000c\000t\000e\000u\000r\000s\000\040\000e\000t\000\040\000d\000e\000s\000t\000r\000u\000c\000t\000e\000u\000r}{section.5.4}% 57
\BOOKMARK [3][-]{subsubsection.5.4.3.1}{\376\377\000T\000r\000a\000n\000s\000f\000o\000r\000m\000e\000r\000V\000i\000s\000i\000t\000o\000r}{subsection.5.4.3}% 58
\BOOKMARK [3][-]{subsubsection.5.4.3.2}{\376\377\000T\000r\000a\000n\000s\000f\000o\000r\000m\000e\000r\000V\000i\000s\000i\000t\000o\000r}{subsection.5.4.3}% 59
\BOOKMARK [2][-]{subsection.5.4.4}{\376\377\000D\000o\000c\000u\000m\000e\000n\000t\000a\000t\000i\000o\000n\000\040\000d\000e\000s\000\040\000f\000o\000n\000c\000t\000i\000o\000n\000s\000\040\000m\000e\000m\000b\000r\000e\000s}{section.5.4}% 60
\BOOKMARK [3][-]{subsubsection.5.4.4.1}{\376\377\000A\000n\000a\000l\000y\000z\000e\000N\000o\000d\000e}{subsection.5.4.4}% 61
\BOOKMARK [3][-]{subsubsection.5.4.4.2}{\376\377\000c\000r\000e\000a\000t\000e\000M\000a\000p}{subsection.5.4.4}% 62
\BOOKMARK [3][-]{subsubsection.5.4.4.3}{\376\377\000g\000e\000t\000T\000e\000m\000p\000l\000a\000t\000e\000N\000a\000m\000e}{subsection.5.4.4}% 63
\BOOKMARK [3][-]{subsubsection.5.4.4.4}{\376\377\000T\000r\000a\000n\000s\000f\000o\000r\000m\000a\000t\000i\000o\000n}{subsection.5.4.4}% 64
\BOOKMARK [3][-]{subsubsection.5.4.4.5}{\376\377\000v\000i\000s\000i\000t}{subsection.5.4.4}% 65
\BOOKMARK [3][-]{subsubsection.5.4.4.6}{\376\377\000v\000i\000s\000i\000t}{subsection.5.4.4}% 66
\BOOKMARK [3][-]{subsubsection.5.4.4.7}{\376\377\000v\000i\000s\000i\000t}{subsection.5.4.4}% 67
\BOOKMARK [2][-]{subsection.5.4.5}{\376\377\000D\000o\000c\000u\000m\000e\000n\000t\000a\000t\000i\000o\000n\000\040\000d\000e\000s\000\040\000d\000o\000n\000n\000\351\000e\000s\000\040\000m\000e\000m\000b\000r\000e\000s}{section.5.4}% 68
\BOOKMARK [3][-]{subsubsection.5.4.5.1}{\376\377\000r\000e\000s\000u\000l\000t\000a\000t\000M\000a\000p}{subsection.5.4.5}% 69
\BOOKMARK [3][-]{subsubsection.5.4.5.2}{\376\377\000t\000e\000m\000p\000l\000a\000t\000e\000s\000M\000a\000p}{subsection.5.4.5}% 70
\BOOKMARK [1][-]{section.5.5}{\376\377\000R\000\351\000f\000\351\000r\000e\000n\000c\000e\000\040\000d\000e\000\040\000l\000a\000\040\000c\000l\000a\000s\000s\000e\000\040\000x\000s\000l\000:\000:\000X\000s\000l\000C\000o\000p\000y\000V\000i\000s\000i\000t\000o\000r}{chapter.5}% 71
\BOOKMARK [2][-]{subsection.5.5.1}{\376\377\000D\000e\000s\000c\000r\000i\000p\000t\000i\000o\000n\000\040\000d\000\351\000t\000a\000i\000l\000l\000\351\000e}{section.5.5}% 72
\BOOKMARK [2][-]{subsection.5.5.2}{\376\377\000D\000o\000c\000u\000m\000e\000n\000t\000a\000t\000i\000o\000n\000\040\000d\000e\000s\000\040\000c\000o\000n\000s\000t\000r\000u\000c\000t\000e\000u\000r\000s\000\040\000e\000t\000\040\000d\000e\000s\000t\000r\000u\000c\000t\000e\000u\000r}{section.5.5}% 73
\BOOKMARK [3][-]{subsubsection.5.5.2.1}{\376\377\000X\000s\000l\000C\000o\000p\000y\000V\000i\000s\000i\000t\000o\000r}{subsection.5.5.2}% 74
\BOOKMARK [3][-]{subsubsection.5.5.2.2}{\376\377\000X\000s\000l\000C\000o\000p\000y\000V\000i\000s\000i\000t\000o\000r}{subsection.5.5.2}% 75
\BOOKMARK [3][-]{subsubsection.5.5.2.3}{\376\377\000X\000s\000l\000C\000o\000p\000y\000V\000i\000s\000i\000t\000o\000r}{subsection.5.5.2}% 76
\BOOKMARK [2][-]{subsection.5.5.3}{\376\377\000D\000o\000c\000u\000m\000e\000n\000t\000a\000t\000i\000o\000n\000\040\000d\000e\000s\000\040\000f\000o\000n\000c\000t\000i\000o\000n\000s\000\040\000m\000e\000m\000b\000r\000e\000s}{section.5.5}% 77
\BOOKMARK [3][-]{subsubsection.5.5.3.1}{\376\377\000v\000i\000s\000i\000t}{subsection.5.5.3}% 78
\BOOKMARK [3][-]{subsubsection.5.5.3.2}{\376\377\000v\000i\000s\000i\000t}{subsection.5.5.3}% 79
\BOOKMARK [3][-]{subsubsection.5.5.3.3}{\376\377\000v\000i\000s\000i\000t}{subsection.5.5.3}% 80
\BOOKMARK [3][-]{subsubsection.5.5.3.4}{\376\377\000x\000s\000l\000C\000o\000p\000y}{subsection.5.5.3}% 81
\BOOKMARK [2][-]{subsection.5.5.4}{\376\377\000D\000o\000c\000u\000m\000e\000n\000t\000a\000t\000i\000o\000n\000\040\000d\000e\000s\000\040\000d\000o\000n\000n\000\351\000e\000s\000\040\000m\000e\000m\000b\000r\000e\000s}{section.5.5}% 82
\BOOKMARK [3][-]{subsubsection.5.5.4.1}{\376\377\000\137\000p\000a\000r\000e\000n\000t\000P\000r\000o\000x\000y}{subsection.5.5.4}% 83
\BOOKMARK [3][-]{subsubsection.5.5.4.2}{\376\377\000\137\000r\000e\000f\000e\000r\000e\000n\000c\000e\000N\000o\000d\000e}{subsection.5.5.4}% 84
\BOOKMARK [3][-]{subsubsection.5.5.4.3}{\376\377\000\137\000r\000e\000s\000u\000l\000t}{subsection.5.5.4}% 85
\BOOKMARK [3][-]{subsubsection.5.5.4.4}{\376\377\000\137\000t\000r\000a\000n\000s\000f\000o\000r\000m\000e\000r}{subsection.5.5.4}% 86
\BOOKMARK [3][-]{subsubsection.5.5.4.5}{\376\377\000N\000A\000M\000E\000\137\000A\000P\000P\000L\000Y\000\137\000T\000E\000M\000P\000L\000A\000T\000E\000S}{subsection.5.5.4}% 87
\BOOKMARK [3][-]{subsubsection.5.5.4.6}{\376\377\000N\000A\000M\000E\000S\000P\000A\000C\000E\000\137\000A\000P\000P\000L\000Y\000\137\000T\000E\000M\000P\000L\000A\000T\000E\000S}{subsection.5.5.4}% 88
\BOOKMARK [0][-]{chapter.6}{\376\377\000D\000o\000c\000u\000m\000e\000n\000t\000a\000t\000i\000o\000n\000\040\000d\000e\000s\000\040\000f\000i\000c\000h\000i\000e\000r\000s}{}% 89
\BOOKMARK [1][-]{section.6.1}{\376\377\000R\000\351\000f\000\351\000r\000e\000n\000c\000e\000\040\000d\000u\000\040\000f\000i\000c\000h\000i\000e\000r\000\040\000s\000r\000c\000/\000M\000a\000p\000C\000r\000e\000a\000t\000o\000r\000.\000c\000p\000p}{chapter.6}% 90
\BOOKMARK [1][-]{section.6.2}{\376\377\000R\000\351\000f\000\351\000r\000e\000n\000c\000e\000\040\000d\000u\000\040\000f\000i\000c\000h\000i\000e\000r\000\040\000s\000r\000c\000/\000M\000a\000p\000C\000r\000e\000a\000t\000o\000r\000.\000h\000h}{chapter.6}% 91
\BOOKMARK [1][-]{section.6.3}{\376\377\000R\000\351\000f\000\351\000r\000e\000n\000c\000e\000\040\000d\000u\000\040\000f\000i\000c\000h\000i\000e\000r\000\040\000s\000r\000c\000/\000R\000e\000c\000u\000r\000s\000i\000v\000e\000T\000r\000a\000n\000s\000f\000o\000r\000m\000e\000r\000V\000i\000s\000i\000t\000o\000r\000.\000c\000p\000p}{chapter.6}% 92
\BOOKMARK [1][-]{section.6.4}{\376\377\000R\000\351\000f\000\351\000r\000e\000n\000c\000e\000\040\000d\000u\000\040\000f\000i\000c\000h\000i\000e\000r\000\040\000s\000r\000c\000/\000R\000e\000c\000u\000r\000s\000i\000v\000e\000T\000r\000a\000n\000s\000f\000o\000r\000m\000e\000r\000V\000i\000s\000i\000t\000o\000r\000.\000h\000h}{chapter.6}% 93
\BOOKMARK [1][-]{section.6.5}{\376\377\000R\000\351\000f\000\351\000r\000e\000n\000c\000e\000\040\000d\000u\000\040\000f\000i\000c\000h\000i\000e\000r\000\040\000s\000r\000c\000/\000S\000i\000m\000p\000l\000e\000C\000o\000p\000y\000V\000i\000s\000i\000t\000o\000r\000.\000c\000p\000p}{chapter.6}% 94
\BOOKMARK [1][-]{section.6.6}{\376\377\000R\000\351\000f\000\351\000r\000e\000n\000c\000e\000\040\000d\000u\000\040\000f\000i\000c\000h\000i\000e\000r\000\040\000s\000r\000c\000/\000S\000i\000m\000p\000l\000e\000C\000o\000p\000y\000V\000i\000s\000i\000t\000o\000r\000.\000h\000h}{chapter.6}% 95
\BOOKMARK [1][-]{section.6.7}{\376\377\000R\000\351\000f\000\351\000r\000e\000n\000c\000e\000\040\000d\000u\000\040\000f\000i\000c\000h\000i\000e\000r\000\040\000s\000r\000c\000/\000T\000r\000a\000n\000s\000f\000o\000r\000m\000e\000r\000V\000i\000s\000i\000t\000o\000r\000.\000c\000p\000p}{chapter.6}% 96
\BOOKMARK [1][-]{section.6.8}{\376\377\000R\000\351\000f\000\351\000r\000e\000n\000c\000e\000\040\000d\000u\000\040\000f\000i\000c\000h\000i\000e\000r\000\040\000s\000r\000c\000/\000T\000r\000a\000n\000s\000f\000o\000r\000m\000e\000r\000V\000i\000s\000i\000t\000o\000r\000.\000h\000h}{chapter.6}% 97
\BOOKMARK [1][-]{section.6.9}{\376\377\000R\000\351\000f\000\351\000r\000e\000n\000c\000e\000\040\000d\000u\000\040\000f\000i\000c\000h\000i\000e\000r\000\040\000s\000r\000c\000/\000X\000s\000l\000C\000o\000p\000y\000V\000i\000s\000i\000t\000o\000r\000.\000c\000p\000p}{chapter.6}% 98
\BOOKMARK [1][-]{section.6.10}{\376\377\000R\000\351\000f\000\351\000r\000e\000n\000c\000e\000\040\000d\000u\000\040\000f\000i\000c\000h\000i\000e\000r\000\040\000s\000r\000c\000/\000X\000s\000l\000C\000o\000p\000y\000V\000i\000s\000i\000t\000o\000r\000.\000h\000h}{chapter.6}% 99
