\BOOKMARK [0][-]{chapter.1}{\376\377\000I\000n\000d\000e\000x\000\040\000d\000e\000s\000\040\000e\000s\000p\000a\000c\000e\000s\000\040\000d\000e\000\040\000n\000o\000m\000m\000a\000g\000e}{}% 1
\BOOKMARK [1][-]{section.1.1}{\376\377\000L\000i\000s\000t\000e\000\040\000d\000e\000s\000\040\000e\000s\000p\000a\000c\000e\000s\000\040\000d\000e\000\040\000n\000o\000m\000m\000a\000g\000e}{chapter.1}% 2
\BOOKMARK [0][-]{chapter.2}{\376\377\000I\000n\000d\000e\000x\000\040\000d\000e\000s\000\040\000c\000l\000a\000s\000s\000e\000s}{}% 3
\BOOKMARK [1][-]{section.2.1}{\376\377\000H\000i\000\351\000r\000a\000r\000c\000h\000i\000e\000\040\000d\000e\000s\000\040\000c\000l\000a\000s\000s\000e\000s}{chapter.2}% 4
\BOOKMARK [0][-]{chapter.3}{\376\377\000I\000n\000d\000e\000x\000\040\000d\000e\000s\000\040\000c\000l\000a\000s\000s\000e\000s}{}% 5
\BOOKMARK [1][-]{section.3.1}{\376\377\000L\000i\000s\000t\000e\000\040\000d\000e\000s\000\040\000c\000l\000a\000s\000s\000e\000s}{chapter.3}% 6
\BOOKMARK [0][-]{chapter.4}{\376\377\000I\000n\000d\000e\000x\000\040\000d\000e\000s\000\040\000f\000i\000c\000h\000i\000e\000r\000s}{}% 7
\BOOKMARK [1][-]{section.4.1}{\376\377\000L\000i\000s\000t\000e\000\040\000d\000e\000s\000\040\000f\000i\000c\000h\000i\000e\000r\000s}{chapter.4}% 8
\BOOKMARK [0][-]{chapter.5}{\376\377\000D\000o\000c\000u\000m\000e\000n\000t\000a\000t\000i\000o\000n\000\040\000d\000e\000s\000\040\000e\000s\000p\000a\000c\000e\000s\000\040\000d\000e\000\040\000n\000o\000m\000m\000a\000g\000e}{}% 9
\BOOKMARK [1][-]{section.5.1}{\376\377\000R\000\351\000f\000\351\000r\000e\000n\000c\000e\000\040\000d\000e\000\040\000l\000'\000e\000s\000p\000a\000c\000e\000\040\000d\000e\000\040\000n\000o\000m\000m\000a\000g\000e\000\040\000d\000t\000d}{chapter.5}% 10
\BOOKMARK [2][-]{subsection.5.1.1}{\376\377\000D\000o\000c\000u\000m\000e\000n\000t\000a\000t\000i\000o\000n\000\040\000d\000e\000s\000\040\000d\000\351\000f\000i\000n\000i\000t\000i\000o\000n\000s\000\040\000d\000e\000\040\000t\000y\000p\000e}{section.5.1}% 11
\BOOKMARK [3][-]{subsubsection.5.1.1.1}{\376\377\000A\000t\000t\000r\000i\000b\000u\000t\000e\000s\000L\000i\000s\000t}{subsection.5.1.1}% 12
\BOOKMARK [0][-]{chapter.6}{\376\377\000D\000o\000c\000u\000m\000e\000n\000t\000a\000t\000i\000o\000n\000\040\000d\000e\000s\000\040\000c\000l\000a\000s\000s\000e\000s}{}% 13
\BOOKMARK [1][-]{section.6.1}{\376\377\000R\000\351\000f\000\351\000r\000e\000n\000c\000e\000\040\000d\000e\000\040\000l\000a\000\040\000s\000t\000r\000u\000c\000t\000u\000r\000e\000\040\000d\000t\000d\000:\000:\000C\000h\000o\000i\000c\000e\000:\000:\000\137\000S\000t\000a\000t\000e}{chapter.6}% 14
\BOOKMARK [2][-]{subsection.6.1.1}{\376\377\000D\000e\000s\000c\000r\000i\000p\000t\000i\000o\000n\000\040\000d\000\351\000t\000a\000i\000l\000l\000\351\000e}{section.6.1}% 15
\BOOKMARK [2][-]{subsection.6.1.2}{\376\377\000D\000o\000c\000u\000m\000e\000n\000t\000a\000t\000i\000o\000n\000\040\000d\000e\000s\000\040\000c\000o\000n\000s\000t\000r\000u\000c\000t\000e\000u\000r\000s\000\040\000e\000t\000\040\000d\000e\000s\000t\000r\000u\000c\000t\000e\000u\000r}{section.6.1}% 16
\BOOKMARK [3][-]{subsubsection.6.1.2.1}{\376\377\000\137\000S\000t\000a\000t\000e}{subsection.6.1.2}% 17
\BOOKMARK [2][-]{subsection.6.1.3}{\376\377\000D\000o\000c\000u\000m\000e\000n\000t\000a\000t\000i\000o\000n\000\040\000d\000e\000s\000\040\000d\000o\000n\000n\000\351\000e\000s\000\040\000m\000e\000m\000b\000r\000e\000s}{section.6.1}% 18
\BOOKMARK [3][-]{subsubsection.6.1.3.1}{\376\377\000n\000e\000x\000t\000C\000h\000o\000o\000s\000a\000b\000l\000e}{subsection.6.1.3}% 19
\BOOKMARK [1][-]{section.6.2}{\376\377\000R\000\351\000f\000\351\000r\000e\000n\000c\000e\000\040\000d\000e\000\040\000l\000a\000\040\000s\000t\000r\000u\000c\000t\000u\000r\000e\000\040\000d\000t\000d\000:\000:\000Q\000u\000a\000n\000t\000i\000f\000i\000a\000b\000l\000e\000C\000o\000n\000t\000e\000n\000t\000:\000:\000\137\000S\000t\000a\000t\000e}{chapter.6}% 20
\BOOKMARK [2][-]{subsection.6.2.1}{\376\377\000D\000e\000s\000c\000r\000i\000p\000t\000i\000o\000n\000\040\000d\000\351\000t\000a\000i\000l\000l\000\351\000e}{section.6.2}% 21
\BOOKMARK [2][-]{subsection.6.2.2}{\376\377\000D\000o\000c\000u\000m\000e\000n\000t\000a\000t\000i\000o\000n\000\040\000d\000e\000s\000\040\000c\000o\000n\000s\000t\000r\000u\000c\000t\000e\000u\000r\000s\000\040\000e\000t\000\040\000d\000e\000s\000t\000r\000u\000c\000t\000e\000u\000r}{section.6.2}% 22
\BOOKMARK [3][-]{subsubsection.6.2.2.1}{\376\377\000\137\000S\000t\000a\000t\000e}{subsection.6.2.2}% 23
\BOOKMARK [2][-]{subsection.6.2.3}{\376\377\000D\000o\000c\000u\000m\000e\000n\000t\000a\000t\000i\000o\000n\000\040\000d\000e\000s\000\040\000d\000o\000n\000n\000\351\000e\000s\000\040\000m\000e\000m\000b\000r\000e\000s}{section.6.2}% 24
\BOOKMARK [3][-]{subsubsection.6.2.3.1}{\376\377\000e\000n\000d\000T\000o\000k\000e\000n}{subsection.6.2.3}% 25
\BOOKMARK [3][-]{subsubsection.6.2.3.2}{\376\377\000f\000i\000r\000s\000t\000T\000o\000k\000e\000n}{subsection.6.2.3}% 26
\BOOKMARK [3][-]{subsubsection.6.2.3.3}{\376\377\000n\000e\000x\000t\000S\000t\000e\000p}{subsection.6.2.3}% 27
\BOOKMARK [1][-]{section.6.3}{\376\377\000R\000\351\000f\000\351\000r\000e\000n\000c\000e\000\040\000d\000e\000\040\000l\000a\000\040\000s\000t\000r\000u\000c\000t\000u\000r\000e\000\040\000d\000t\000d\000:\000:\000S\000e\000q\000u\000e\000n\000c\000e\000:\000:\000\137\000S\000t\000a\000t\000e}{chapter.6}% 28
\BOOKMARK [2][-]{subsection.6.3.1}{\376\377\000D\000e\000s\000c\000r\000i\000p\000t\000i\000o\000n\000\040\000d\000\351\000t\000a\000i\000l\000l\000\351\000e}{section.6.3}% 29
\BOOKMARK [2][-]{subsection.6.3.2}{\376\377\000D\000o\000c\000u\000m\000e\000n\000t\000a\000t\000i\000o\000n\000\040\000d\000e\000s\000\040\000c\000o\000n\000s\000t\000r\000u\000c\000t\000e\000u\000r\000s\000\040\000e\000t\000\040\000d\000e\000s\000t\000r\000u\000c\000t\000e\000u\000r}{section.6.3}% 30
\BOOKMARK [3][-]{subsubsection.6.3.2.1}{\376\377\000\137\000S\000t\000a\000t\000e}{subsection.6.3.2}% 31
\BOOKMARK [2][-]{subsection.6.3.3}{\376\377\000D\000o\000c\000u\000m\000e\000n\000t\000a\000t\000i\000o\000n\000\040\000d\000e\000s\000\040\000d\000o\000n\000n\000\351\000e\000s\000\040\000m\000e\000m\000b\000r\000e\000s}{section.6.3}% 32
\BOOKMARK [3][-]{subsubsection.6.3.3.1}{\376\377\000n\000e\000x\000t\000E\000m\000b\000e\000d\000d\000e\000d\000C\000o\000n\000t\000e\000n\000t}{subsection.6.3.3}% 33
\BOOKMARK [1][-]{section.6.4}{\376\377\000R\000\351\000f\000\351\000r\000e\000n\000c\000e\000\040\000d\000e\000\040\000l\000a\000\040\000c\000l\000a\000s\000s\000e\000\040\000d\000t\000d\000:\000:\000A\000n\000y\000C\000o\000n\000t\000e\000n\000t}{chapter.6}% 34
\BOOKMARK [2][-]{subsection.6.4.1}{\376\377\000D\000e\000s\000c\000r\000i\000p\000t\000i\000o\000n\000\040\000d\000\351\000t\000a\000i\000l\000l\000\351\000e}{section.6.4}% 35
\BOOKMARK [2][-]{subsection.6.4.2}{\376\377\000D\000o\000c\000u\000m\000e\000n\000t\000a\000t\000i\000o\000n\000\040\000d\000e\000s\000\040\000c\000o\000n\000s\000t\000r\000u\000c\000t\000e\000u\000r\000s\000\040\000e\000t\000\040\000d\000e\000s\000t\000r\000u\000c\000t\000e\000u\000r}{section.6.4}% 36
\BOOKMARK [3][-]{subsubsection.6.4.2.1}{\376\377\000A\000n\000y\000C\000o\000n\000t\000e\000n\000t}{subsection.6.4.2}% 37
\BOOKMARK [3][-]{subsubsection.6.4.2.2}{\376\377\000A\000n\000y\000C\000o\000n\000t\000e\000n\000t}{subsection.6.4.2}% 38
\BOOKMARK [2][-]{subsection.6.4.3}{\376\377\000D\000o\000c\000u\000m\000e\000n\000t\000a\000t\000i\000o\000n\000\040\000d\000e\000s\000\040\000f\000o\000n\000c\000t\000i\000o\000n\000s\000\040\000m\000e\000m\000b\000r\000e\000s}{section.6.4}% 39
\BOOKMARK [3][-]{subsubsection.6.4.3.1}{\376\377\000a\000c\000c\000e\000p\000t}{subsection.6.4.3}% 40
\BOOKMARK [3][-]{subsubsection.6.4.3.2}{\376\377\000v\000a\000l\000i\000d\000a\000t\000e}{subsection.6.4.3}% 41
\BOOKMARK [3][-]{subsubsection.6.4.3.3}{\376\377\000v\000a\000l\000i\000d\000a\000t\000e}{subsection.6.4.3}% 42
\BOOKMARK [1][-]{section.6.5}{\376\377\000R\000\351\000f\000\351\000r\000e\000n\000c\000e\000\040\000d\000e\000\040\000l\000a\000\040\000c\000l\000a\000s\000s\000e\000\040\000d\000t\000d\000:\000:\000A\000t\000t\000r\000i\000b\000u\000t\000e}{chapter.6}% 43
\BOOKMARK [2][-]{subsection.6.5.1}{\376\377\000D\000e\000s\000c\000r\000i\000p\000t\000i\000o\000n\000\040\000d\000\351\000t\000a\000i\000l\000l\000\351\000e}{section.6.5}% 44
\BOOKMARK [2][-]{subsection.6.5.2}{\376\377\000D\000o\000c\000u\000m\000e\000n\000t\000a\000t\000i\000o\000n\000\040\000d\000e\000s\000\040\000c\000o\000n\000s\000t\000r\000u\000c\000t\000e\000u\000r\000s\000\040\000e\000t\000\040\000d\000e\000s\000t\000r\000u\000c\000t\000e\000u\000r}{section.6.5}% 45
\BOOKMARK [3][-]{subsubsection.6.5.2.1}{\376\377\000A\000t\000t\000r\000i\000b\000u\000t\000e}{subsection.6.5.2}% 46
\BOOKMARK [3][-]{subsubsection.6.5.2.2}{\376\377\000A\000t\000t\000r\000i\000b\000u\000t\000e}{subsection.6.5.2}% 47
\BOOKMARK [2][-]{subsection.6.5.3}{\376\377\000D\000o\000c\000u\000m\000e\000n\000t\000a\000t\000i\000o\000n\000\040\000d\000e\000s\000\040\000f\000o\000n\000c\000t\000i\000o\000n\000s\000\040\000m\000e\000m\000b\000r\000e\000s}{section.6.5}% 48
\BOOKMARK [3][-]{subsubsection.6.5.3.1}{\376\377\000n\000a\000m\000e}{subsection.6.5.3}% 49
\BOOKMARK [2][-]{subsection.6.5.4}{\376\377\000D\000o\000c\000u\000m\000e\000n\000t\000a\000t\000i\000o\000n\000\040\000d\000e\000s\000\040\000d\000o\000n\000n\000\351\000e\000s\000\040\000m\000e\000m\000b\000r\000e\000s}{section.6.5}% 50
\BOOKMARK [3][-]{subsubsection.6.5.4.1}{\376\377\000\137\000n\000a\000m\000e}{subsection.6.5.4}% 51
\BOOKMARK [1][-]{section.6.6}{\376\377\000R\000\351\000f\000\351\000r\000e\000n\000c\000e\000\040\000d\000e\000\040\000l\000a\000\040\000s\000t\000r\000u\000c\000t\000u\000r\000e\000\040\000d\000t\000d\000:\000:\000A\000t\000t\000r\000i\000b\000u\000t\000e\000s\000C\000o\000m\000p\000a\000r\000a\000t\000o\000r}{chapter.6}% 52
\BOOKMARK [2][-]{subsection.6.6.1}{\376\377\000D\000e\000s\000c\000r\000i\000p\000t\000i\000o\000n\000\040\000d\000\351\000t\000a\000i\000l\000l\000\351\000e}{section.6.6}% 53
\BOOKMARK [2][-]{subsection.6.6.2}{\376\377\000D\000o\000c\000u\000m\000e\000n\000t\000a\000t\000i\000o\000n\000\040\000d\000e\000s\000\040\000f\000o\000n\000c\000t\000i\000o\000n\000s\000\040\000m\000e\000m\000b\000r\000e\000s}{section.6.6}% 54
\BOOKMARK [3][-]{subsubsection.6.6.2.1}{\376\377\000o\000p\000e\000r\000a\000t\000o\000r\000\050\000\051}{subsection.6.6.2}% 55
\BOOKMARK [1][-]{section.6.7}{\376\377\000R\000\351\000f\000\351\000r\000e\000n\000c\000e\000\040\000d\000e\000\040\000l\000a\000\040\000c\000l\000a\000s\000s\000e\000\040\000d\000t\000d\000:\000:\000B\000r\000o\000w\000s\000a\000b\000l\000e\000C\000o\000n\000t\000e\000n\000t}{chapter.6}% 56
\BOOKMARK [2][-]{subsection.6.7.1}{\376\377\000D\000e\000s\000c\000r\000i\000p\000t\000i\000o\000n\000\040\000d\000\351\000t\000a\000i\000l\000l\000\351\000e}{section.6.7}% 57
\BOOKMARK [2][-]{subsection.6.7.2}{\376\377\000D\000o\000c\000u\000m\000e\000n\000t\000a\000t\000i\000o\000n\000\040\000d\000e\000s\000\040\000c\000o\000n\000s\000t\000r\000u\000c\000t\000e\000u\000r\000s\000\040\000e\000t\000\040\000d\000e\000s\000t\000r\000u\000c\000t\000e\000u\000r}{section.6.7}% 58
\BOOKMARK [3][-]{subsubsection.6.7.2.1}{\376\377\000B\000r\000o\000w\000s\000a\000b\000l\000e\000C\000o\000n\000t\000e\000n\000t}{subsection.6.7.2}% 59
\BOOKMARK [3][-]{subsubsection.6.7.2.2}{\376\377\000B\000r\000o\000w\000s\000a\000b\000l\000e\000C\000o\000n\000t\000e\000n\000t}{subsection.6.7.2}% 60
\BOOKMARK [2][-]{subsection.6.7.3}{\376\377\000D\000o\000c\000u\000m\000e\000n\000t\000a\000t\000i\000o\000n\000\040\000d\000e\000s\000\040\000f\000o\000n\000c\000t\000i\000o\000n\000s\000\040\000m\000e\000m\000b\000r\000e\000s}{section.6.7}% 61
\BOOKMARK [3][-]{subsubsection.6.7.3.1}{\376\377\000\137\000a\000f\000t\000e\000r\000V\000a\000l\000i\000d\000a\000t\000i\000o\000n}{subsection.6.7.3}% 62
\BOOKMARK [3][-]{subsubsection.6.7.3.2}{\376\377\000\137\000b\000e\000f\000o\000r\000e\000V\000a\000l\000i\000d\000a\000t\000i\000o\000n}{subsection.6.7.3}% 63
\BOOKMARK [3][-]{subsubsection.6.7.3.3}{\376\377\000\137\000b\000r\000o\000w\000s\000e\000D\000o\000w\000n}{subsection.6.7.3}% 64
\BOOKMARK [3][-]{subsubsection.6.7.3.4}{\376\377\000\137\000b\000r\000o\000w\000s\000e\000U\000p}{subsection.6.7.3}% 65
\BOOKMARK [3][-]{subsubsection.6.7.3.5}{\376\377\000\137\000c\000o\000n\000t\000i\000n\000u\000e\000V\000a\000l\000i\000d\000a\000t\000i\000o\000n}{subsection.6.7.3}% 66
\BOOKMARK [3][-]{subsubsection.6.7.3.6}{\376\377\000\137\000n\000e\000w\000V\000a\000l\000i\000d\000a\000t\000i\000o\000n}{subsection.6.7.3}% 67
\BOOKMARK [3][-]{subsubsection.6.7.3.7}{\376\377\000\137\000s\000t\000a\000r\000t\000V\000a\000l\000i\000d\000a\000t\000i\000o\000n}{subsection.6.7.3}% 68
\BOOKMARK [3][-]{subsubsection.6.7.3.8}{\376\377\000v\000a\000l\000i\000d\000a\000t\000e}{subsection.6.7.3}% 69
\BOOKMARK [3][-]{subsubsection.6.7.3.9}{\376\377\000v\000a\000l\000i\000d\000a\000t\000e}{subsection.6.7.3}% 70
\BOOKMARK [1][-]{section.6.8}{\376\377\000R\000\351\000f\000\351\000r\000e\000n\000c\000e\000\040\000d\000e\000\040\000l\000a\000\040\000c\000l\000a\000s\000s\000e\000\040\000d\000t\000d\000:\000:\000C\000h\000o\000i\000c\000e}{chapter.6}% 71
\BOOKMARK [2][-]{subsection.6.8.1}{\376\377\000D\000e\000s\000c\000r\000i\000p\000t\000i\000o\000n\000\040\000d\000\351\000t\000a\000i\000l\000l\000\351\000e}{section.6.8}% 72
\BOOKMARK [2][-]{subsection.6.8.2}{\376\377\000D\000o\000c\000u\000m\000e\000n\000t\000a\000t\000i\000o\000n\000\040\000d\000e\000s\000\040\000d\000\351\000f\000i\000n\000i\000t\000i\000o\000n\000s\000\040\000d\000e\000\040\000t\000y\000p\000e\000\040\000m\000e\000m\000b\000r\000e\000s}{section.6.8}% 73
\BOOKMARK [3][-]{subsubsection.6.8.2.1}{\376\377\000\137\000C\000h\000o\000o\000s\000a\000b\000l\000e\000S\000e\000t}{subsection.6.8.2}% 74
\BOOKMARK [3][-]{subsubsection.6.8.2.2}{\376\377\000\137\000S\000t\000a\000t\000e\000s\000S\000t\000a\000c\000k}{subsection.6.8.2}% 75
\BOOKMARK [3][-]{subsubsection.6.8.2.3}{\376\377\000C\000h\000o\000o\000s\000a\000b\000l\000e\000S\000e\000t}{subsection.6.8.2}% 76
\BOOKMARK [3][-]{subsubsection.6.8.2.4}{\376\377\000c\000o\000n\000s\000t\000\137\000i\000t\000e\000r\000a\000t\000o\000r}{subsection.6.8.2}% 77
\BOOKMARK [2][-]{subsection.6.8.3}{\376\377\000D\000o\000c\000u\000m\000e\000n\000t\000a\000t\000i\000o\000n\000\040\000d\000e\000s\000\040\000c\000o\000n\000s\000t\000r\000u\000c\000t\000e\000u\000r\000s\000\040\000e\000t\000\040\000d\000e\000s\000t\000r\000u\000c\000t\000e\000u\000r}{section.6.8}% 78
\BOOKMARK [3][-]{subsubsection.6.8.3.1}{\376\377\000C\000h\000o\000i\000c\000e}{subsection.6.8.3}% 79
\BOOKMARK [3][-]{subsubsection.6.8.3.2}{\376\377\000C\000h\000o\000i\000c\000e}{subsection.6.8.3}% 80
\BOOKMARK [2][-]{subsection.6.8.4}{\376\377\000D\000o\000c\000u\000m\000e\000n\000t\000a\000t\000i\000o\000n\000\040\000d\000e\000s\000\040\000f\000o\000n\000c\000t\000i\000o\000n\000s\000\040\000m\000e\000m\000b\000r\000e\000s}{section.6.8}% 81
\BOOKMARK [3][-]{subsubsection.6.8.4.1}{\376\377\000\137\000a\000f\000t\000e\000r\000V\000a\000l\000i\000d\000a\000t\000i\000o\000n}{subsection.6.8.4}% 82
\BOOKMARK [3][-]{subsubsection.6.8.4.2}{\376\377\000\137\000b\000e\000f\000o\000r\000e\000V\000a\000l\000i\000d\000a\000t\000i\000o\000n}{subsection.6.8.4}% 83
\BOOKMARK [3][-]{subsubsection.6.8.4.3}{\376\377\000\137\000c\000o\000n\000t\000i\000n\000u\000e\000V\000a\000l\000i\000d\000a\000t\000i\000o\000n}{subsection.6.8.4}% 84
\BOOKMARK [3][-]{subsubsection.6.8.4.4}{\376\377\000\137\000s\000t\000a\000r\000t\000V\000a\000l\000i\000d\000a\000t\000i\000o\000n}{subsection.6.8.4}% 85
\BOOKMARK [3][-]{subsubsection.6.8.4.5}{\376\377\000a\000c\000c\000e\000p\000t}{subsection.6.8.4}% 86
\BOOKMARK [3][-]{subsubsection.6.8.4.6}{\376\377\000b\000e\000g\000i\000n}{subsection.6.8.4}% 87
\BOOKMARK [3][-]{subsubsection.6.8.4.7}{\376\377\000e\000n\000d}{subsection.6.8.4}% 88
\BOOKMARK [3][-]{subsubsection.6.8.4.8}{\376\377\000v\000a\000l\000i\000d\000a\000t\000e}{subsection.6.8.4}% 89
\BOOKMARK [2][-]{subsection.6.8.5}{\376\377\000D\000o\000c\000u\000m\000e\000n\000t\000a\000t\000i\000o\000n\000\040\000d\000e\000s\000\040\000d\000o\000n\000n\000\351\000e\000s\000\040\000m\000e\000m\000b\000r\000e\000s}{section.6.8}% 90
\BOOKMARK [3][-]{subsubsection.6.8.5.1}{\376\377\000\137\000c\000h\000o\000o\000s\000a\000b\000l\000e}{subsection.6.8.5}% 91
\BOOKMARK [3][-]{subsubsection.6.8.5.2}{\376\377\000\137\000s\000t\000a\000c\000k}{subsection.6.8.5}% 92
\BOOKMARK [1][-]{section.6.9}{\376\377\000R\000\351\000f\000\351\000r\000e\000n\000c\000e\000\040\000d\000e\000\040\000l\000a\000\040\000c\000l\000a\000s\000s\000e\000\040\000d\000t\000d\000:\000:\000C\000o\000n\000t\000e\000n\000t}{chapter.6}% 93
\BOOKMARK [2][-]{subsection.6.9.1}{\376\377\000D\000e\000s\000c\000r\000i\000p\000t\000i\000o\000n\000\040\000d\000\351\000t\000a\000i\000l\000l\000\351\000e}{section.6.9}% 94
\BOOKMARK [2][-]{subsection.6.9.2}{\376\377\000D\000o\000c\000u\000m\000e\000n\000t\000a\000t\000i\000o\000n\000\040\000d\000e\000s\000\040\000c\000o\000n\000s\000t\000r\000u\000c\000t\000e\000u\000r\000s\000\040\000e\000t\000\040\000d\000e\000s\000t\000r\000u\000c\000t\000e\000u\000r}{section.6.9}% 95
\BOOKMARK [3][-]{subsubsection.6.9.2.1}{\376\377\000C\000o\000n\000t\000e\000n\000t}{subsection.6.9.2}% 96
\BOOKMARK [3][-]{subsubsection.6.9.2.2}{\376\377\000C\000o\000n\000t\000e\000n\000t}{subsection.6.9.2}% 97
\BOOKMARK [2][-]{subsection.6.9.3}{\376\377\000D\000o\000c\000u\000m\000e\000n\000t\000a\000t\000i\000o\000n\000\040\000d\000e\000s\000\040\000f\000o\000n\000c\000t\000i\000o\000n\000s\000\040\000m\000e\000m\000b\000r\000e\000s}{section.6.9}% 98
\BOOKMARK [3][-]{subsubsection.6.9.3.1}{\376\377\000a\000c\000c\000e\000p\000t}{subsection.6.9.3}% 99
\BOOKMARK [3][-]{subsubsection.6.9.3.2}{\376\377\000v\000a\000l\000i\000d\000a\000t\000e}{subsection.6.9.3}% 100
\BOOKMARK [3][-]{subsubsection.6.9.3.3}{\376\377\000v\000a\000l\000i\000d\000a\000t\000e}{subsection.6.9.3}% 101
\BOOKMARK [1][-]{section.6.10}{\376\377\000R\000\351\000f\000\351\000r\000e\000n\000c\000e\000\040\000d\000e\000\040\000l\000a\000\040\000c\000l\000a\000s\000s\000e\000\040\000d\000t\000d\000:\000:\000D\000T\000D}{chapter.6}% 102
\BOOKMARK [2][-]{subsection.6.10.1}{\376\377\000D\000e\000s\000c\000r\000i\000p\000t\000i\000o\000n\000\040\000d\000\351\000t\000a\000i\000l\000l\000\351\000e}{section.6.10}% 103
\BOOKMARK [2][-]{subsection.6.10.2}{\376\377\000D\000o\000c\000u\000m\000e\000n\000t\000a\000t\000i\000o\000n\000\040\000d\000e\000s\000\040\000d\000\351\000f\000i\000n\000i\000t\000i\000o\000n\000s\000\040\000d\000e\000\040\000t\000y\000p\000e\000\040\000m\000e\000m\000b\000r\000e\000s}{section.6.10}% 104
\BOOKMARK [3][-]{subsubsection.6.10.2.1}{\376\377\000\137\000A\000t\000t\000r\000i\000b\000u\000t\000e\000s\000L\000i\000s\000t\000s}{subsection.6.10.2}% 105
\BOOKMARK [3][-]{subsubsection.6.10.2.2}{\376\377\000\137\000E\000l\000e\000m\000e\000n\000t\000I\000d}{subsection.6.10.2}% 106
\BOOKMARK [3][-]{subsubsection.6.10.2.3}{\376\377\000\137\000E\000l\000e\000m\000e\000n\000t\000s}{subsection.6.10.2}% 107
\BOOKMARK [2][-]{subsection.6.10.3}{\376\377\000D\000o\000c\000u\000m\000e\000n\000t\000a\000t\000i\000o\000n\000\040\000d\000e\000s\000\040\000c\000o\000n\000s\000t\000r\000u\000c\000t\000e\000u\000r\000s\000\040\000e\000t\000\040\000d\000e\000s\000t\000r\000u\000c\000t\000e\000u\000r}{section.6.10}% 108
\BOOKMARK [3][-]{subsubsection.6.10.3.1}{\376\377\000D\000T\000D}{subsection.6.10.3}% 109
\BOOKMARK [3][-]{subsubsection.6.10.3.2}{\376\377\000D\000T\000D}{subsection.6.10.3}% 110
\BOOKMARK [2][-]{subsection.6.10.4}{\376\377\000D\000o\000c\000u\000m\000e\000n\000t\000a\000t\000i\000o\000n\000\040\000d\000e\000s\000\040\000f\000o\000n\000c\000t\000i\000o\000n\000s\000\040\000m\000e\000m\000b\000r\000e\000s}{section.6.10}% 111
\BOOKMARK [3][-]{subsubsection.6.10.4.1}{\376\377\000\137\000i\000s\000V\000a\000l\000i\000d}{subsection.6.10.4}% 112
\BOOKMARK [3][-]{subsubsection.6.10.4.2}{\376\377\000a\000c\000c\000e\000p\000t}{subsection.6.10.4}% 113
\BOOKMARK [3][-]{subsubsection.6.10.4.3}{\376\377\000a\000d\000d\000A\000t\000t\000r\000i\000b\000u\000t\000e\000s\000L\000i\000s\000t}{subsection.6.10.4}% 114
\BOOKMARK [3][-]{subsubsection.6.10.4.4}{\376\377\000a\000d\000d\000E\000l\000e\000m\000e\000n\000t}{subsection.6.10.4}% 115
\BOOKMARK [3][-]{subsubsection.6.10.4.5}{\376\377\000c\000h\000e\000c\000k\000A\000t\000t\000r\000i\000b\000u\000t\000e\000s}{subsection.6.10.4}% 116
\BOOKMARK [3][-]{subsubsection.6.10.4.6}{\376\377\000g\000e\000t\000A\000t\000t\000r\000i\000b\000u\000t\000e\000s\000L\000i\000s\000t}{subsection.6.10.4}% 117
\BOOKMARK [3][-]{subsubsection.6.10.4.7}{\376\377\000g\000e\000t\000E\000l\000e\000m\000e\000n\000t}{subsection.6.10.4}% 118
\BOOKMARK [3][-]{subsubsection.6.10.4.8}{\376\377\000i\000s\000V\000a\000l\000i\000d}{subsection.6.10.4}% 119
\BOOKMARK [3][-]{subsubsection.6.10.4.9}{\376\377\000v\000i\000s\000i\000t}{subsection.6.10.4}% 120
\BOOKMARK [3][-]{subsubsection.6.10.4.10}{\376\377\000v\000i\000s\000i\000t}{subsection.6.10.4}% 121
\BOOKMARK [3][-]{subsubsection.6.10.4.11}{\376\377\000v\000i\000s\000i\000t}{subsection.6.10.4}% 122
\BOOKMARK [2][-]{subsection.6.10.5}{\376\377\000D\000o\000c\000u\000m\000e\000n\000t\000a\000t\000i\000o\000n\000\040\000d\000e\000s\000\040\000d\000o\000n\000n\000\351\000e\000s\000\040\000m\000e\000m\000b\000r\000e\000s}{section.6.10}% 123
\BOOKMARK [3][-]{subsubsection.6.10.5.1}{\376\377\000\137\000a\000t\000t\000r\000i\000b\000u\000t\000e\000s\000L\000i\000s\000t\000s}{subsection.6.10.5}% 124
\BOOKMARK [3][-]{subsubsection.6.10.5.2}{\376\377\000\137\000e\000l\000e\000m\000e\000n\000t\000s}{subsection.6.10.5}% 125
\BOOKMARK [3][-]{subsubsection.6.10.5.3}{\376\377\000\137\000l\000a\000s\000t\000N\000o\000d\000e\000I\000s\000V\000a\000l\000i\000d}{subsection.6.10.5}% 126
\BOOKMARK [3][-]{subsubsection.6.10.5.4}{\376\377\000\137\000v\000a\000l\000i\000d\000a\000t\000i\000n\000g\000R\000o\000o\000t}{subsection.6.10.5}% 127
\BOOKMARK [3][-]{subsubsection.6.10.5.5}{\376\377\000\137\000v\000a\000l\000i\000d\000R\000o\000o\000t\000N\000a\000m\000e}{subsection.6.10.5}% 128
\BOOKMARK [1][-]{section.6.11}{\376\377\000R\000\351\000f\000\351\000r\000e\000n\000c\000e\000\040\000d\000e\000\040\000l\000a\000\040\000c\000l\000a\000s\000s\000e\000\040\000d\000t\000d\000:\000:\000E\000l\000e\000m\000e\000n\000t\000C\000o\000n\000t\000e\000n\000t}{chapter.6}% 129
\BOOKMARK [2][-]{subsection.6.11.1}{\376\377\000D\000e\000s\000c\000r\000i\000p\000t\000i\000o\000n\000\040\000d\000\351\000t\000a\000i\000l\000l\000\351\000e}{section.6.11}% 130
\BOOKMARK [2][-]{subsection.6.11.2}{\376\377\000D\000o\000c\000u\000m\000e\000n\000t\000a\000t\000i\000o\000n\000\040\000d\000e\000s\000\040\000c\000o\000n\000s\000t\000r\000u\000c\000t\000e\000u\000r\000s\000\040\000e\000t\000\040\000d\000e\000s\000t\000r\000u\000c\000t\000e\000u\000r}{section.6.11}% 131
\BOOKMARK [3][-]{subsubsection.6.11.2.1}{\376\377\000E\000l\000e\000m\000e\000n\000t\000C\000o\000n\000t\000e\000n\000t}{subsection.6.11.2}% 132
\BOOKMARK [3][-]{subsubsection.6.11.2.2}{\376\377\000E\000l\000e\000m\000e\000n\000t\000C\000o\000n\000t\000e\000n\000t}{subsection.6.11.2}% 133
\BOOKMARK [1][-]{section.6.12}{\376\377\000R\000\351\000f\000\351\000r\000e\000n\000c\000e\000\040\000d\000e\000\040\000l\000a\000\040\000c\000l\000a\000s\000s\000e\000\040\000d\000t\000d\000:\000:\000E\000l\000e\000m\000e\000n\000t\000R\000e\000f\000e\000r\000e\000n\000c\000e}{chapter.6}% 134
\BOOKMARK [2][-]{subsection.6.12.1}{\376\377\000D\000e\000s\000c\000r\000i\000p\000t\000i\000o\000n\000\040\000d\000\351\000t\000a\000i\000l\000l\000\351\000e}{section.6.12}% 135
\BOOKMARK [2][-]{subsection.6.12.2}{\376\377\000D\000o\000c\000u\000m\000e\000n\000t\000a\000t\000i\000o\000n\000\040\000d\000e\000s\000\040\000c\000o\000n\000s\000t\000r\000u\000c\000t\000e\000u\000r\000s\000\040\000e\000t\000\040\000d\000e\000s\000t\000r\000u\000c\000t\000e\000u\000r}{section.6.12}% 136
\BOOKMARK [3][-]{subsubsection.6.12.2.1}{\376\377\000E\000l\000e\000m\000e\000n\000t\000R\000e\000f\000e\000r\000e\000n\000c\000e}{subsection.6.12.2}% 137
\BOOKMARK [3][-]{subsubsection.6.12.2.2}{\376\377\000E\000l\000e\000m\000e\000n\000t\000R\000e\000f\000e\000r\000e\000n\000c\000e}{subsection.6.12.2}% 138
\BOOKMARK [2][-]{subsection.6.12.3}{\376\377\000D\000o\000c\000u\000m\000e\000n\000t\000a\000t\000i\000o\000n\000\040\000d\000e\000s\000\040\000f\000o\000n\000c\000t\000i\000o\000n\000s\000\040\000m\000e\000m\000b\000r\000e\000s}{section.6.12}% 139
\BOOKMARK [3][-]{subsubsection.6.12.3.1}{\376\377\000\137\000s\000t\000a\000r\000t\000V\000a\000l\000i\000d\000a\000t\000i\000o\000n}{subsection.6.12.3}% 140
\BOOKMARK [3][-]{subsubsection.6.12.3.2}{\376\377\000a\000c\000c\000e\000p\000t}{subsection.6.12.3}% 141
\BOOKMARK [3][-]{subsubsection.6.12.3.3}{\376\377\000m\000a\000t\000c\000h\000e\000s}{subsection.6.12.3}% 142
\BOOKMARK [3][-]{subsubsection.6.12.3.4}{\376\377\000n\000a\000m\000e}{subsection.6.12.3}% 143
\BOOKMARK [3][-]{subsubsection.6.12.3.5}{\376\377\000n\000s}{subsection.6.12.3}% 144
\BOOKMARK [3][-]{subsubsection.6.12.3.6}{\376\377\000v\000i\000s\000i\000t}{subsection.6.12.3}% 145
\BOOKMARK [3][-]{subsubsection.6.12.3.7}{\376\377\000v\000i\000s\000i\000t}{subsection.6.12.3}% 146
\BOOKMARK [3][-]{subsubsection.6.12.3.8}{\376\377\000v\000i\000s\000i\000t}{subsection.6.12.3}% 147
\BOOKMARK [2][-]{subsection.6.12.4}{\376\377\000D\000o\000c\000u\000m\000e\000n\000t\000a\000t\000i\000o\000n\000\040\000d\000e\000s\000\040\000d\000o\000n\000n\000\351\000e\000s\000\040\000m\000e\000m\000b\000r\000e\000s}{section.6.12}% 148
\BOOKMARK [3][-]{subsubsection.6.12.4.1}{\376\377\000\137\000d\000t\000d}{subsection.6.12.4}% 149
\BOOKMARK [3][-]{subsubsection.6.12.4.2}{\376\377\000\137\000m\000a\000t\000c\000h\000R\000e\000s\000u\000l\000t}{subsection.6.12.4}% 150
\BOOKMARK [3][-]{subsubsection.6.12.4.3}{\376\377\000\137\000n\000a\000m\000e}{subsection.6.12.4}% 151
\BOOKMARK [3][-]{subsubsection.6.12.4.4}{\376\377\000\137\000n\000a\000m\000e\000s\000p\000a\000c\000e}{subsection.6.12.4}% 152
\BOOKMARK [1][-]{section.6.13}{\376\377\000R\000\351\000f\000\351\000r\000e\000n\000c\000e\000\040\000d\000e\000\040\000l\000a\000\040\000c\000l\000a\000s\000s\000e\000\040\000d\000t\000d\000:\000:\000E\000m\000p\000t\000y\000C\000o\000n\000t\000e\000n\000t}{chapter.6}% 153
\BOOKMARK [2][-]{subsection.6.13.1}{\376\377\000D\000e\000s\000c\000r\000i\000p\000t\000i\000o\000n\000\040\000d\000\351\000t\000a\000i\000l\000l\000\351\000e}{section.6.13}% 154
\BOOKMARK [2][-]{subsection.6.13.2}{\376\377\000D\000o\000c\000u\000m\000e\000n\000t\000a\000t\000i\000o\000n\000\040\000d\000e\000s\000\040\000c\000o\000n\000s\000t\000r\000u\000c\000t\000e\000u\000r\000s\000\040\000e\000t\000\040\000d\000e\000s\000t\000r\000u\000c\000t\000e\000u\000r}{section.6.13}% 155
\BOOKMARK [3][-]{subsubsection.6.13.2.1}{\376\377\000E\000m\000p\000t\000y\000C\000o\000n\000t\000e\000n\000t}{subsection.6.13.2}% 156
\BOOKMARK [3][-]{subsubsection.6.13.2.2}{\376\377\000E\000m\000p\000t\000y\000C\000o\000n\000t\000e\000n\000t}{subsection.6.13.2}% 157
\BOOKMARK [2][-]{subsection.6.13.3}{\376\377\000D\000o\000c\000u\000m\000e\000n\000t\000a\000t\000i\000o\000n\000\040\000d\000e\000s\000\040\000f\000o\000n\000c\000t\000i\000o\000n\000s\000\040\000m\000e\000m\000b\000r\000e\000s}{section.6.13}% 158
\BOOKMARK [3][-]{subsubsection.6.13.3.1}{\376\377\000a\000c\000c\000e\000p\000t}{subsection.6.13.3}% 159
\BOOKMARK [3][-]{subsubsection.6.13.3.2}{\376\377\000v\000a\000l\000i\000d\000a\000t\000e}{subsection.6.13.3}% 160
\BOOKMARK [3][-]{subsubsection.6.13.3.3}{\376\377\000v\000a\000l\000i\000d\000a\000t\000e}{subsection.6.13.3}% 161
\BOOKMARK [1][-]{section.6.14}{\376\377\000R\000\351\000f\000\351\000r\000e\000n\000c\000e\000\040\000d\000e\000\040\000l\000a\000\040\000c\000l\000a\000s\000s\000e\000\040\000d\000t\000d\000:\000:\000I\000n\000t\000e\000r\000f\000a\000c\000e\000D\000T\000D\000V\000i\000s\000i\000t\000o\000r}{chapter.6}% 162
\BOOKMARK [2][-]{subsection.6.14.1}{\376\377\000D\000e\000s\000c\000r\000i\000p\000t\000i\000o\000n\000\040\000d\000\351\000t\000a\000i\000l\000l\000\351\000e}{section.6.14}% 163
\BOOKMARK [2][-]{subsection.6.14.2}{\376\377\000D\000o\000c\000u\000m\000e\000n\000t\000a\000t\000i\000o\000n\000\040\000d\000e\000s\000\040\000c\000o\000n\000s\000t\000r\000u\000c\000t\000e\000u\000r\000s\000\040\000e\000t\000\040\000d\000e\000s\000t\000r\000u\000c\000t\000e\000u\000r}{section.6.14}% 164
\BOOKMARK [3][-]{subsubsection.6.14.2.1}{\376\377\000I\000n\000t\000e\000r\000f\000a\000c\000e\000D\000T\000D\000V\000i\000s\000i\000t\000o\000r}{subsection.6.14.2}% 165
\BOOKMARK [2][-]{subsection.6.14.3}{\376\377\000D\000o\000c\000u\000m\000e\000n\000t\000a\000t\000i\000o\000n\000\040\000d\000e\000s\000\040\000f\000o\000n\000c\000t\000i\000o\000n\000s\000\040\000m\000e\000m\000b\000r\000e\000s}{section.6.14}% 166
\BOOKMARK [3][-]{subsubsection.6.14.3.1}{\376\377\000v\000i\000s\000i\000t}{subsection.6.14.3}% 167
\BOOKMARK [3][-]{subsubsection.6.14.3.2}{\376\377\000v\000i\000s\000i\000t}{subsection.6.14.3}% 168
\BOOKMARK [3][-]{subsubsection.6.14.3.3}{\376\377\000v\000i\000s\000i\000t}{subsection.6.14.3}% 169
\BOOKMARK [3][-]{subsubsection.6.14.3.4}{\376\377\000v\000i\000s\000i\000t}{subsection.6.14.3}% 170
\BOOKMARK [3][-]{subsubsection.6.14.3.5}{\376\377\000v\000i\000s\000i\000t}{subsection.6.14.3}% 171
\BOOKMARK [3][-]{subsubsection.6.14.3.6}{\376\377\000v\000i\000s\000i\000t}{subsection.6.14.3}% 172
\BOOKMARK [3][-]{subsubsection.6.14.3.7}{\376\377\000v\000i\000s\000i\000t}{subsection.6.14.3}% 173
\BOOKMARK [3][-]{subsubsection.6.14.3.8}{\376\377\000v\000i\000s\000i\000t}{subsection.6.14.3}% 174
\BOOKMARK [3][-]{subsubsection.6.14.3.9}{\376\377\000v\000i\000s\000i\000t}{subsection.6.14.3}% 175
\BOOKMARK [3][-]{subsubsection.6.14.3.10}{\376\377\000v\000i\000s\000i\000t}{subsection.6.14.3}% 176
\BOOKMARK [3][-]{subsubsection.6.14.3.11}{\376\377\000v\000i\000s\000i\000t\000A\000t\000t\000r\000i\000b\000u\000t\000e\000s\000L\000i\000s\000t}{subsection.6.14.3}% 177
\BOOKMARK [3][-]{subsubsection.6.14.3.12}{\376\377\000v\000i\000s\000i\000t\000E\000l\000e\000m\000e\000n\000t}{subsection.6.14.3}% 178
\BOOKMARK [2][-]{subsection.6.14.4}{\376\377\000D\000o\000c\000u\000m\000e\000n\000t\000a\000t\000i\000o\000n\000\040\000d\000e\000s\000\040\000f\000o\000n\000c\000t\000i\000o\000n\000s\000\040\000a\000m\000i\000e\000s\000\040\000e\000t\000\040\000a\000s\000s\000o\000c\000i\000\351\000e\000s}{section.6.14}% 179
\BOOKMARK [3][-]{subsubsection.6.14.4.1}{\376\377\000A\000n\000y\000C\000o\000n\000t\000e\000n\000t}{subsection.6.14.4}% 180
\BOOKMARK [3][-]{subsubsection.6.14.4.2}{\376\377\000C\000h\000o\000i\000c\000e}{subsection.6.14.4}% 181
\BOOKMARK [3][-]{subsubsection.6.14.4.3}{\376\377\000E\000l\000e\000m\000e\000n\000t\000R\000e\000f\000e\000r\000e\000n\000c\000e}{subsection.6.14.4}% 182
\BOOKMARK [3][-]{subsubsection.6.14.4.4}{\376\377\000E\000m\000p\000t\000y\000C\000o\000n\000t\000e\000n\000t}{subsection.6.14.4}% 183
\BOOKMARK [3][-]{subsubsection.6.14.4.5}{\376\377\000M\000i\000x\000e\000d\000C\000o\000n\000t\000e\000n\000t}{subsection.6.14.4}% 184
\BOOKMARK [3][-]{subsubsection.6.14.4.6}{\376\377\000O\000p\000t\000i\000o\000n\000a\000l\000C\000o\000n\000t\000e\000n\000t}{subsection.6.14.4}% 185
\BOOKMARK [3][-]{subsubsection.6.14.4.7}{\376\377\000R\000e\000p\000e\000a\000t\000a\000b\000l\000e\000C\000o\000n\000t\000e\000n\000t}{subsection.6.14.4}% 186
\BOOKMARK [3][-]{subsubsection.6.14.4.8}{\376\377\000R\000e\000p\000e\000a\000t\000e\000d\000C\000o\000n\000t\000e\000n\000t}{subsection.6.14.4}% 187
\BOOKMARK [3][-]{subsubsection.6.14.4.9}{\376\377\000S\000e\000q\000u\000e\000n\000c\000e}{subsection.6.14.4}% 188
\BOOKMARK [3][-]{subsubsection.6.14.4.10}{\376\377\000T\000e\000x\000t\000C\000o\000n\000t\000e\000n\000t}{subsection.6.14.4}% 189
\BOOKMARK [1][-]{section.6.15}{\376\377\000R\000\351\000f\000\351\000r\000e\000n\000c\000e\000\040\000d\000e\000\040\000l\000a\000\040\000c\000l\000a\000s\000s\000e\000\040\000d\000t\000d\000:\000:\000M\000i\000x\000e\000d\000C\000o\000n\000t\000e\000n\000t}{chapter.6}% 190
\BOOKMARK [2][-]{subsection.6.15.1}{\376\377\000D\000e\000s\000c\000r\000i\000p\000t\000i\000o\000n\000\040\000d\000\351\000t\000a\000i\000l\000l\000\351\000e}{section.6.15}% 191
\BOOKMARK [2][-]{subsection.6.15.2}{\376\377\000D\000o\000c\000u\000m\000e\000n\000t\000a\000t\000i\000o\000n\000\040\000d\000e\000s\000\040\000d\000\351\000f\000i\000n\000i\000t\000i\000o\000n\000s\000\040\000d\000e\000\040\000t\000y\000p\000e\000\040\000m\000e\000m\000b\000r\000e\000s}{section.6.15}% 192
\BOOKMARK [3][-]{subsubsection.6.15.2.1}{\376\377\000\137\000S\000t\000a\000t\000e\000s\000S\000t\000a\000c\000k}{subsection.6.15.2}% 193
\BOOKMARK [3][-]{subsubsection.6.15.2.2}{\376\377\000C\000h\000o\000o\000s\000a\000b\000l\000e\000S\000e\000t}{subsection.6.15.2}% 194
\BOOKMARK [3][-]{subsubsection.6.15.2.3}{\376\377\000c\000o\000n\000s\000t\000\137\000i\000t\000e\000r\000a\000t\000o\000r}{subsection.6.15.2}% 195
\BOOKMARK [2][-]{subsection.6.15.3}{\376\377\000D\000o\000c\000u\000m\000e\000n\000t\000a\000t\000i\000o\000n\000\040\000d\000e\000s\000\040\000c\000o\000n\000s\000t\000r\000u\000c\000t\000e\000u\000r\000s\000\040\000e\000t\000\040\000d\000e\000s\000t\000r\000u\000c\000t\000e\000u\000r}{section.6.15}% 196
\BOOKMARK [3][-]{subsubsection.6.15.3.1}{\376\377\000M\000i\000x\000e\000d\000C\000o\000n\000t\000e\000n\000t}{subsection.6.15.3}% 197
\BOOKMARK [3][-]{subsubsection.6.15.3.2}{\376\377\000M\000i\000x\000e\000d\000C\000o\000n\000t\000e\000n\000t}{subsection.6.15.3}% 198
\BOOKMARK [2][-]{subsection.6.15.4}{\376\377\000D\000o\000c\000u\000m\000e\000n\000t\000a\000t\000i\000o\000n\000\040\000d\000e\000s\000\040\000f\000o\000n\000c\000t\000i\000o\000n\000s\000\040\000m\000e\000m\000b\000r\000e\000s}{section.6.15}% 199
\BOOKMARK [3][-]{subsubsection.6.15.4.1}{\376\377\000\137\000a\000f\000t\000e\000r\000V\000a\000l\000i\000d\000a\000t\000i\000o\000n}{subsection.6.15.4}% 200
\BOOKMARK [3][-]{subsubsection.6.15.4.2}{\376\377\000\137\000b\000e\000f\000o\000r\000e\000V\000a\000l\000i\000d\000a\000t\000i\000o\000n}{subsection.6.15.4}% 201
\BOOKMARK [3][-]{subsubsection.6.15.4.3}{\376\377\000\137\000c\000o\000n\000t\000i\000n\000u\000e\000V\000a\000l\000i\000d\000a\000t\000i\000o\000n}{subsection.6.15.4}% 202
\BOOKMARK [3][-]{subsubsection.6.15.4.4}{\376\377\000\137\000s\000t\000a\000r\000t\000V\000a\000l\000i\000d\000a\000t\000i\000o\000n}{subsection.6.15.4}% 203
\BOOKMARK [3][-]{subsubsection.6.15.4.5}{\376\377\000a\000c\000c\000e\000p\000t}{subsection.6.15.4}% 204
\BOOKMARK [3][-]{subsubsection.6.15.4.6}{\376\377\000b\000e\000g\000i\000n}{subsection.6.15.4}% 205
\BOOKMARK [3][-]{subsubsection.6.15.4.7}{\376\377\000e\000n\000d}{subsection.6.15.4}% 206
\BOOKMARK [3][-]{subsubsection.6.15.4.8}{\376\377\000v\000a\000l\000i\000d\000a\000t\000e}{subsection.6.15.4}% 207
\BOOKMARK [2][-]{subsection.6.15.5}{\376\377\000D\000o\000c\000u\000m\000e\000n\000t\000a\000t\000i\000o\000n\000\040\000d\000e\000s\000\040\000d\000o\000n\000n\000\351\000e\000s\000\040\000m\000e\000m\000b\000r\000e\000s}{section.6.15}% 208
\BOOKMARK [3][-]{subsubsection.6.15.5.1}{\376\377\000\137\000c\000h\000o\000i\000c\000e}{subsection.6.15.5}% 209
\BOOKMARK [3][-]{subsubsection.6.15.5.2}{\376\377\000\137\000s\000t\000a\000c\000k}{subsection.6.15.5}% 210
\BOOKMARK [3][-]{subsubsection.6.15.5.3}{\376\377\000\137\000t\000e\000x\000t\000C\000o\000n\000t\000e\000n\000t}{subsection.6.15.5}% 211
\BOOKMARK [1][-]{section.6.16}{\376\377\000R\000\351\000f\000\351\000r\000e\000n\000c\000e\000\040\000d\000e\000\040\000l\000a\000\040\000c\000l\000a\000s\000s\000e\000\040\000d\000t\000d\000:\000:\000O\000p\000t\000i\000o\000n\000a\000l\000C\000o\000n\000t\000e\000n\000t}{chapter.6}% 212
\BOOKMARK [2][-]{subsection.6.16.1}{\376\377\000D\000e\000s\000c\000r\000i\000p\000t\000i\000o\000n\000\040\000d\000\351\000t\000a\000i\000l\000l\000\351\000e}{section.6.16}% 213
\BOOKMARK [2][-]{subsection.6.16.2}{\376\377\000D\000o\000c\000u\000m\000e\000n\000t\000a\000t\000i\000o\000n\000\040\000d\000e\000s\000\040\000c\000o\000n\000s\000t\000r\000u\000c\000t\000e\000u\000r\000s\000\040\000e\000t\000\040\000d\000e\000s\000t\000r\000u\000c\000t\000e\000u\000r}{section.6.16}% 214
\BOOKMARK [3][-]{subsubsection.6.16.2.1}{\376\377\000O\000p\000t\000i\000o\000n\000a\000l\000C\000o\000n\000t\000e\000n\000t}{subsection.6.16.2}% 215
\BOOKMARK [3][-]{subsubsection.6.16.2.2}{\376\377\000O\000p\000t\000i\000o\000n\000a\000l\000C\000o\000n\000t\000e\000n\000t}{subsection.6.16.2}% 216
\BOOKMARK [2][-]{subsection.6.16.3}{\376\377\000D\000o\000c\000u\000m\000e\000n\000t\000a\000t\000i\000o\000n\000\040\000d\000e\000s\000\040\000f\000o\000n\000c\000t\000i\000o\000n\000s\000\040\000m\000e\000m\000b\000r\000e\000s}{section.6.16}% 217
\BOOKMARK [3][-]{subsubsection.6.16.3.1}{\376\377\000\137\000c\000o\000n\000t\000i\000n\000u\000e\000V\000a\000l\000i\000d\000a\000t\000i\000o\000n}{subsection.6.16.3}% 218
\BOOKMARK [3][-]{subsubsection.6.16.3.2}{\376\377\000\137\000s\000t\000a\000r\000t\000V\000a\000l\000i\000d\000a\000t\000i\000o\000n}{subsection.6.16.3}% 219
\BOOKMARK [3][-]{subsubsection.6.16.3.3}{\376\377\000a\000c\000c\000e\000p\000t}{subsection.6.16.3}% 220
\BOOKMARK [1][-]{section.6.17}{\376\377\000R\000\351\000f\000\351\000r\000e\000n\000c\000e\000\040\000d\000e\000\040\000l\000a\000\040\000c\000l\000a\000s\000s\000e\000\040\000d\000t\000d\000:\000:\000O\000u\000t\000p\000u\000t\000D\000T\000D\000V\000i\000s\000i\000t\000o\000r}{chapter.6}% 221
\BOOKMARK [2][-]{subsection.6.17.1}{\376\377\000D\000e\000s\000c\000r\000i\000p\000t\000i\000o\000n\000\040\000d\000\351\000t\000a\000i\000l\000l\000\351\000e}{section.6.17}% 222
\BOOKMARK [2][-]{subsection.6.17.2}{\376\377\000D\000o\000c\000u\000m\000e\000n\000t\000a\000t\000i\000o\000n\000\040\000d\000e\000s\000\040\000c\000o\000n\000s\000t\000r\000u\000c\000t\000e\000u\000r\000s\000\040\000e\000t\000\040\000d\000e\000s\000t\000r\000u\000c\000t\000e\000u\000r}{section.6.17}% 223
\BOOKMARK [3][-]{subsubsection.6.17.2.1}{\376\377\000O\000u\000t\000p\000u\000t\000D\000T\000D\000V\000i\000s\000i\000t\000o\000r}{subsection.6.17.2}% 224
\BOOKMARK [3][-]{subsubsection.6.17.2.2}{\376\377\000O\000u\000t\000p\000u\000t\000D\000T\000D\000V\000i\000s\000i\000t\000o\000r}{subsection.6.17.2}% 225
\BOOKMARK [2][-]{subsection.6.17.3}{\376\377\000D\000o\000c\000u\000m\000e\000n\000t\000a\000t\000i\000o\000n\000\040\000d\000e\000s\000\040\000f\000o\000n\000c\000t\000i\000o\000n\000s\000\040\000m\000e\000m\000b\000r\000e\000s}{section.6.17}% 226
\BOOKMARK [3][-]{subsubsection.6.17.3.1}{\376\377\000d\000o\000I\000n\000d\000e\000n\000t}{subsection.6.17.3}% 227
\BOOKMARK [3][-]{subsubsection.6.17.3.2}{\376\377\000v\000i\000s\000i\000t}{subsection.6.17.3}% 228
\BOOKMARK [3][-]{subsubsection.6.17.3.3}{\376\377\000v\000i\000s\000i\000t}{subsection.6.17.3}% 229
\BOOKMARK [3][-]{subsubsection.6.17.3.4}{\376\377\000v\000i\000s\000i\000t}{subsection.6.17.3}% 230
\BOOKMARK [3][-]{subsubsection.6.17.3.5}{\376\377\000v\000i\000s\000i\000t}{subsection.6.17.3}% 231
\BOOKMARK [3][-]{subsubsection.6.17.3.6}{\376\377\000v\000i\000s\000i\000t}{subsection.6.17.3}% 232
\BOOKMARK [3][-]{subsubsection.6.17.3.7}{\376\377\000v\000i\000s\000i\000t}{subsection.6.17.3}% 233
\BOOKMARK [3][-]{subsubsection.6.17.3.8}{\376\377\000v\000i\000s\000i\000t}{subsection.6.17.3}% 234
\BOOKMARK [3][-]{subsubsection.6.17.3.9}{\376\377\000v\000i\000s\000i\000t}{subsection.6.17.3}% 235
\BOOKMARK [3][-]{subsubsection.6.17.3.10}{\376\377\000v\000i\000s\000i\000t}{subsection.6.17.3}% 236
\BOOKMARK [3][-]{subsubsection.6.17.3.11}{\376\377\000v\000i\000s\000i\000t}{subsection.6.17.3}% 237
\BOOKMARK [3][-]{subsubsection.6.17.3.12}{\376\377\000v\000i\000s\000i\000t\000A\000t\000t\000r\000i\000b\000u\000t\000e\000s\000L\000i\000s\000t}{subsection.6.17.3}% 238
\BOOKMARK [3][-]{subsubsection.6.17.3.13}{\376\377\000v\000i\000s\000i\000t\000E\000l\000e\000m\000e\000n\000t}{subsection.6.17.3}% 239
\BOOKMARK [2][-]{subsection.6.17.4}{\376\377\000D\000o\000c\000u\000m\000e\000n\000t\000a\000t\000i\000o\000n\000\040\000d\000e\000s\000\040\000d\000o\000n\000n\000\351\000e\000s\000\040\000m\000e\000m\000b\000r\000e\000s}{section.6.17}% 240
\BOOKMARK [3][-]{subsubsection.6.17.4.1}{\376\377\000\137\000i\000n\000d\000e\000n\000t}{subsection.6.17.4}% 241
\BOOKMARK [3][-]{subsubsection.6.17.4.2}{\376\377\000\137\000i\000n\000d\000e\000n\000t\000C\000h\000a\000r}{subsection.6.17.4}% 242
\BOOKMARK [3][-]{subsubsection.6.17.4.3}{\376\377\000\137\000i\000n\000d\000e\000n\000t\000U\000n\000i\000t}{subsection.6.17.4}% 243
\BOOKMARK [3][-]{subsubsection.6.17.4.4}{\376\377\000\137\000o\000u\000t}{subsection.6.17.4}% 244
\BOOKMARK [3][-]{subsubsection.6.17.4.5}{\376\377\000A\000N\000Y\000\137\000C\000O\000N\000T\000E\000N\000T\000\137\000S\000T\000R}{subsection.6.17.4}% 245
\BOOKMARK [3][-]{subsubsection.6.17.4.6}{\376\377\000A\000T\000T\000L\000I\000S\000T\000\137\000M\000A\000R\000K\000U\000P\000\137\000N\000A\000M\000E\000\137\000S\000T\000R}{subsection.6.17.4}% 246
\BOOKMARK [3][-]{subsubsection.6.17.4.7}{\376\377\000C\000H\000O\000I\000C\000E\000\137\000S\000E\000P\000A\000R\000A\000T\000O\000R\000\137\000S\000T\000R}{subsection.6.17.4}% 247
\BOOKMARK [3][-]{subsubsection.6.17.4.8}{\376\377\000C\000L\000O\000S\000E\000\137\000M\000A\000R\000K\000U\000P\000\137\000S\000T\000R}{subsection.6.17.4}% 248
\BOOKMARK [3][-]{subsubsection.6.17.4.9}{\376\377\000D\000E\000F\000A\000U\000L\000T\000\137\000I\000N\000D\000E\000N\000T\000\137\000C\000H\000A\000R}{subsection.6.17.4}% 249
\BOOKMARK [3][-]{subsubsection.6.17.4.10}{\376\377\000D\000E\000F\000A\000U\000L\000T\000\137\000I\000N\000D\000E\000N\000T\000\137\000U\000N\000I\000T}{subsection.6.17.4}% 250
\BOOKMARK [3][-]{subsubsection.6.17.4.11}{\376\377\000E\000L\000E\000M\000E\000N\000T\000\137\000M\000A\000R\000K\000U\000P\000\137\000N\000A\000M\000E\000\137\000S\000T\000R}{subsection.6.17.4}% 251
\BOOKMARK [3][-]{subsubsection.6.17.4.12}{\376\377\000E\000M\000P\000T\000Y\000\137\000C\000O\000N\000T\000E\000N\000T\000\137\000S\000T\000R}{subsection.6.17.4}% 252
\BOOKMARK [3][-]{subsubsection.6.17.4.13}{\376\377\000E\000N\000D\000\137\000C\000H\000O\000I\000C\000E\000\137\000S\000T\000R}{subsection.6.17.4}% 253
\BOOKMARK [3][-]{subsubsection.6.17.4.14}{\376\377\000E\000N\000D\000\137\000M\000I\000X\000E\000D\000\137\000S\000T\000R}{subsection.6.17.4}% 254
\BOOKMARK [3][-]{subsubsection.6.17.4.15}{\376\377\000E\000N\000D\000\137\000S\000E\000Q\000U\000E\000N\000C\000E\000\137\000S\000T\000R}{subsection.6.17.4}% 255
\BOOKMARK [3][-]{subsubsection.6.17.4.16}{\376\377\000I\000N\000S\000I\000D\000E\000\137\000M\000A\000R\000K\000U\000P\000\137\000S\000P\000A\000C\000E\000\137\000S\000T\000R}{subsection.6.17.4}% 256
\BOOKMARK [3][-]{subsubsection.6.17.4.17}{\376\377\000M\000I\000X\000E\000D\000\137\000S\000E\000P\000A\000R\000A\000T\000O\000R\000\137\000S\000T\000R}{subsection.6.17.4}% 257
\BOOKMARK [3][-]{subsubsection.6.17.4.18}{\376\377\000O\000P\000E\000N\000\137\000M\000A\000R\000K\000U\000P\000\137\000S\000T\000R}{subsection.6.17.4}% 258
\BOOKMARK [3][-]{subsubsection.6.17.4.19}{\376\377\000O\000P\000T\000I\000O\000N\000A\000L\000\137\000Q\000U\000A\000N\000T\000I\000F\000I\000E\000R\000\137\000S\000T\000R}{subsection.6.17.4}% 259
\BOOKMARK [3][-]{subsubsection.6.17.4.20}{\376\377\000R\000E\000P\000E\000A\000T\000A\000B\000L\000E\000\137\000Q\000U\000A\000N\000T\000I\000F\000I\000E\000R\000\137\000S\000T\000R}{subsection.6.17.4}% 260
\BOOKMARK [3][-]{subsubsection.6.17.4.21}{\376\377\000R\000E\000P\000E\000A\000T\000E\000D\000\137\000Q\000U\000A\000N\000T\000I\000F\000I\000E\000R\000\137\000S\000T\000R}{subsection.6.17.4}% 261
\BOOKMARK [3][-]{subsubsection.6.17.4.22}{\376\377\000S\000E\000Q\000U\000E\000N\000C\000E\000\137\000S\000E\000P\000A\000R\000A\000T\000O\000R\000\137\000S\000T\000R}{subsection.6.17.4}% 262
\BOOKMARK [3][-]{subsubsection.6.17.4.23}{\376\377\000S\000T\000A\000R\000T\000\137\000C\000H\000O\000I\000C\000E\000\137\000S\000T\000R}{subsection.6.17.4}% 263
\BOOKMARK [3][-]{subsubsection.6.17.4.24}{\376\377\000S\000T\000A\000R\000T\000\137\000M\000I\000X\000E\000D\000\137\000S\000T\000R}{subsection.6.17.4}% 264
\BOOKMARK [3][-]{subsubsection.6.17.4.25}{\376\377\000S\000T\000A\000R\000T\000\137\000S\000E\000Q\000U\000E\000N\000C\000E\000\137\000S\000T\000R}{subsection.6.17.4}% 265
\BOOKMARK [3][-]{subsubsection.6.17.4.26}{\376\377\000T\000E\000X\000T\000\137\000C\000O\000N\000T\000E\000N\000T\000\137\000S\000T\000R}{subsection.6.17.4}% 266
\BOOKMARK [1][-]{section.6.18}{\376\377\000R\000\351\000f\000\351\000r\000e\000n\000c\000e\000\040\000d\000e\000\040\000l\000a\000\040\000c\000l\000a\000s\000s\000e\000\040\000d\000t\000d\000:\000:\000Q\000u\000a\000n\000t\000i\000f\000i\000a\000b\000l\000e\000C\000o\000n\000t\000e\000n\000t}{chapter.6}% 267
\BOOKMARK [2][-]{subsection.6.18.1}{\376\377\000D\000e\000s\000c\000r\000i\000p\000t\000i\000o\000n\000\040\000d\000\351\000t\000a\000i\000l\000l\000\351\000e}{section.6.18}% 268
\BOOKMARK [2][-]{subsection.6.18.2}{\376\377\000D\000o\000c\000u\000m\000e\000n\000t\000a\000t\000i\000o\000n\000\040\000d\000e\000s\000\040\000c\000o\000n\000s\000t\000r\000u\000c\000t\000e\000u\000r\000s\000\040\000e\000t\000\040\000d\000e\000s\000t\000r\000u\000c\000t\000e\000u\000r}{section.6.18}% 269
\BOOKMARK [3][-]{subsubsection.6.18.2.1}{\376\377\000Q\000u\000a\000n\000t\000i\000f\000i\000a\000b\000l\000e\000C\000o\000n\000t\000e\000n\000t}{subsection.6.18.2}% 270
\BOOKMARK [3][-]{subsubsection.6.18.2.2}{\376\377\000Q\000u\000a\000n\000t\000i\000f\000i\000a\000b\000l\000e\000C\000o\000n\000t\000e\000n\000t}{subsection.6.18.2}% 271
\BOOKMARK [1][-]{section.6.19}{\376\377\000R\000\351\000f\000\351\000r\000e\000n\000c\000e\000\040\000d\000e\000\040\000l\000a\000\040\000c\000l\000a\000s\000s\000e\000\040\000d\000t\000d\000:\000:\000Q\000u\000a\000n\000t\000i\000f\000i\000e\000d\000C\000o\000n\000t\000e\000n\000t}{chapter.6}% 272
\BOOKMARK [2][-]{subsection.6.19.1}{\376\377\000D\000e\000s\000c\000r\000i\000p\000t\000i\000o\000n\000\040\000d\000\351\000t\000a\000i\000l\000l\000\351\000e}{section.6.19}% 273
\BOOKMARK [2][-]{subsection.6.19.2}{\376\377\000D\000o\000c\000u\000m\000e\000n\000t\000a\000t\000i\000o\000n\000\040\000d\000e\000s\000\040\000d\000\351\000f\000i\000n\000i\000t\000i\000o\000n\000s\000\040\000d\000e\000\040\000t\000y\000p\000e\000\040\000m\000e\000m\000b\000r\000e\000s}{section.6.19}% 274
\BOOKMARK [3][-]{subsubsection.6.19.2.1}{\376\377\000\137\000S\000t\000a\000t\000e\000s\000S\000t\000a\000c\000k}{subsection.6.19.2}% 275
\BOOKMARK [2][-]{subsection.6.19.3}{\376\377\000D\000o\000c\000u\000m\000e\000n\000t\000a\000t\000i\000o\000n\000\040\000d\000e\000s\000\040\000c\000o\000n\000s\000t\000r\000u\000c\000t\000e\000u\000r\000s\000\040\000e\000t\000\040\000d\000e\000s\000t\000r\000u\000c\000t\000e\000u\000r}{section.6.19}% 276
\BOOKMARK [3][-]{subsubsection.6.19.3.1}{\376\377\000Q\000u\000a\000n\000t\000i\000f\000i\000e\000d\000C\000o\000n\000t\000e\000n\000t}{subsection.6.19.3}% 277
\BOOKMARK [3][-]{subsubsection.6.19.3.2}{\376\377\000Q\000u\000a\000n\000t\000i\000f\000i\000e\000d\000C\000o\000n\000t\000e\000n\000t}{subsection.6.19.3}% 278
\BOOKMARK [2][-]{subsection.6.19.4}{\376\377\000D\000o\000c\000u\000m\000e\000n\000t\000a\000t\000i\000o\000n\000\040\000d\000e\000s\000\040\000f\000o\000n\000c\000t\000i\000o\000n\000s\000\040\000m\000e\000m\000b\000r\000e\000s}{section.6.19}% 279
\BOOKMARK [3][-]{subsubsection.6.19.4.1}{\376\377\000\137\000a\000f\000t\000e\000r\000V\000a\000l\000i\000d\000a\000t\000i\000o\000n}{subsection.6.19.4}% 280
\BOOKMARK [3][-]{subsubsection.6.19.4.2}{\376\377\000\137\000b\000e\000f\000o\000r\000e\000V\000a\000l\000i\000d\000a\000t\000i\000o\000n}{subsection.6.19.4}% 281
\BOOKMARK [3][-]{subsubsection.6.19.4.3}{\376\377\000c\000o\000n\000t\000e\000n\000t}{subsection.6.19.4}% 282
\BOOKMARK [3][-]{subsubsection.6.19.4.4}{\376\377\000c\000o\000n\000t\000e\000n\000t}{subsection.6.19.4}% 283
\BOOKMARK [3][-]{subsubsection.6.19.4.5}{\376\377\000v\000a\000l\000i\000d\000a\000t\000e}{subsection.6.19.4}% 284
\BOOKMARK [2][-]{subsection.6.19.5}{\376\377\000D\000o\000c\000u\000m\000e\000n\000t\000a\000t\000i\000o\000n\000\040\000d\000e\000s\000\040\000d\000o\000n\000n\000\351\000e\000s\000\040\000m\000e\000m\000b\000r\000e\000s}{section.6.19}% 285
\BOOKMARK [3][-]{subsubsection.6.19.5.1}{\376\377\000\137\000c\000o\000n\000t\000e\000n\000t}{subsection.6.19.5}% 286
\BOOKMARK [3][-]{subsubsection.6.19.5.2}{\376\377\000\137\000s\000t\000a\000c\000k}{subsection.6.19.5}% 287
\BOOKMARK [1][-]{section.6.20}{\376\377\000R\000\351\000f\000\351\000r\000e\000n\000c\000e\000\040\000d\000e\000\040\000l\000a\000\040\000c\000l\000a\000s\000s\000e\000\040\000d\000t\000d\000:\000:\000R\000e\000p\000e\000a\000t\000a\000b\000l\000e\000C\000o\000n\000t\000e\000n\000t}{chapter.6}% 288
\BOOKMARK [2][-]{subsection.6.20.1}{\376\377\000D\000e\000s\000c\000r\000i\000p\000t\000i\000o\000n\000\040\000d\000\351\000t\000a\000i\000l\000l\000\351\000e}{section.6.20}% 289
\BOOKMARK [2][-]{subsection.6.20.2}{\376\377\000D\000o\000c\000u\000m\000e\000n\000t\000a\000t\000i\000o\000n\000\040\000d\000e\000s\000\040\000c\000o\000n\000s\000t\000r\000u\000c\000t\000e\000u\000r\000s\000\040\000e\000t\000\040\000d\000e\000s\000t\000r\000u\000c\000t\000e\000u\000r}{section.6.20}% 290
\BOOKMARK [3][-]{subsubsection.6.20.2.1}{\376\377\000R\000e\000p\000e\000a\000t\000a\000b\000l\000e\000C\000o\000n\000t\000e\000n\000t}{subsection.6.20.2}% 291
\BOOKMARK [3][-]{subsubsection.6.20.2.2}{\376\377\000R\000e\000p\000e\000a\000t\000a\000b\000l\000e\000C\000o\000n\000t\000e\000n\000t}{subsection.6.20.2}% 292
\BOOKMARK [2][-]{subsection.6.20.3}{\376\377\000D\000o\000c\000u\000m\000e\000n\000t\000a\000t\000i\000o\000n\000\040\000d\000e\000s\000\040\000f\000o\000n\000c\000t\000i\000o\000n\000s\000\040\000m\000e\000m\000b\000r\000e\000s}{section.6.20}% 293
\BOOKMARK [3][-]{subsubsection.6.20.3.1}{\376\377\000\137\000c\000o\000n\000t\000i\000n\000u\000e\000V\000a\000l\000i\000d\000a\000t\000i\000o\000n}{subsection.6.20.3}% 294
\BOOKMARK [3][-]{subsubsection.6.20.3.2}{\376\377\000\137\000s\000t\000a\000r\000t\000V\000a\000l\000i\000d\000a\000t\000i\000o\000n}{subsection.6.20.3}% 295
\BOOKMARK [3][-]{subsubsection.6.20.3.3}{\376\377\000a\000c\000c\000e\000p\000t}{subsection.6.20.3}% 296
\BOOKMARK [1][-]{section.6.21}{\376\377\000R\000\351\000f\000\351\000r\000e\000n\000c\000e\000\040\000d\000e\000\040\000l\000a\000\040\000c\000l\000a\000s\000s\000e\000\040\000d\000t\000d\000:\000:\000R\000e\000p\000e\000a\000t\000e\000d\000C\000o\000n\000t\000e\000n\000t}{chapter.6}% 297
\BOOKMARK [2][-]{subsection.6.21.1}{\376\377\000D\000e\000s\000c\000r\000i\000p\000t\000i\000o\000n\000\040\000d\000\351\000t\000a\000i\000l\000l\000\351\000e}{section.6.21}% 298
\BOOKMARK [2][-]{subsection.6.21.2}{\376\377\000D\000o\000c\000u\000m\000e\000n\000t\000a\000t\000i\000o\000n\000\040\000d\000e\000s\000\040\000c\000o\000n\000s\000t\000r\000u\000c\000t\000e\000u\000r\000s\000\040\000e\000t\000\040\000d\000e\000s\000t\000r\000u\000c\000t\000e\000u\000r}{section.6.21}% 299
\BOOKMARK [3][-]{subsubsection.6.21.2.1}{\376\377\000R\000e\000p\000e\000a\000t\000e\000d\000C\000o\000n\000t\000e\000n\000t}{subsection.6.21.2}% 300
\BOOKMARK [3][-]{subsubsection.6.21.2.2}{\376\377\000R\000e\000p\000e\000a\000t\000e\000d\000C\000o\000n\000t\000e\000n\000t}{subsection.6.21.2}% 301
\BOOKMARK [2][-]{subsection.6.21.3}{\376\377\000D\000o\000c\000u\000m\000e\000n\000t\000a\000t\000i\000o\000n\000\040\000d\000e\000s\000\040\000f\000o\000n\000c\000t\000i\000o\000n\000s\000\040\000m\000e\000m\000b\000r\000e\000s}{section.6.21}% 302
\BOOKMARK [3][-]{subsubsection.6.21.3.1}{\376\377\000\137\000c\000o\000n\000t\000i\000n\000u\000e\000V\000a\000l\000i\000d\000a\000t\000i\000o\000n}{subsection.6.21.3}% 303
\BOOKMARK [3][-]{subsubsection.6.21.3.2}{\376\377\000\137\000s\000t\000a\000r\000t\000V\000a\000l\000i\000d\000a\000t\000i\000o\000n}{subsection.6.21.3}% 304
\BOOKMARK [3][-]{subsubsection.6.21.3.3}{\376\377\000a\000c\000c\000e\000p\000t}{subsection.6.21.3}% 305
\BOOKMARK [1][-]{section.6.22}{\376\377\000R\000\351\000f\000\351\000r\000e\000n\000c\000e\000\040\000d\000e\000\040\000l\000a\000\040\000c\000l\000a\000s\000s\000e\000\040\000d\000t\000d\000:\000:\000S\000e\000q\000u\000e\000n\000c\000e}{chapter.6}% 306
\BOOKMARK [2][-]{subsection.6.22.1}{\376\377\000D\000e\000s\000c\000r\000i\000p\000t\000i\000o\000n\000\040\000d\000\351\000t\000a\000i\000l\000l\000\351\000e}{section.6.22}% 307
\BOOKMARK [2][-]{subsection.6.22.2}{\376\377\000D\000o\000c\000u\000m\000e\000n\000t\000a\000t\000i\000o\000n\000\040\000d\000e\000s\000\040\000d\000\351\000f\000i\000n\000i\000t\000i\000o\000n\000s\000\040\000d\000e\000\040\000t\000y\000p\000e\000\040\000m\000e\000m\000b\000r\000e\000s}{section.6.22}% 308
\BOOKMARK [3][-]{subsubsection.6.22.2.1}{\376\377\000\137\000O\000r\000d\000e\000r\000e\000d\000C\000o\000n\000t\000e\000n\000t}{subsection.6.22.2}% 309
\BOOKMARK [3][-]{subsubsection.6.22.2.2}{\376\377\000\137\000S\000t\000a\000t\000e\000s\000S\000t\000a\000c\000k}{subsection.6.22.2}% 310
\BOOKMARK [3][-]{subsubsection.6.22.2.3}{\376\377\000c\000o\000n\000s\000t\000\137\000i\000t\000e\000r\000a\000t\000o\000r}{subsection.6.22.2}% 311
\BOOKMARK [3][-]{subsubsection.6.22.2.4}{\376\377\000O\000r\000d\000e\000r\000e\000d\000C\000o\000n\000t\000e\000n\000t}{subsection.6.22.2}% 312
\BOOKMARK [2][-]{subsection.6.22.3}{\376\377\000D\000o\000c\000u\000m\000e\000n\000t\000a\000t\000i\000o\000n\000\040\000d\000e\000s\000\040\000c\000o\000n\000s\000t\000r\000u\000c\000t\000e\000u\000r\000s\000\040\000e\000t\000\040\000d\000e\000s\000t\000r\000u\000c\000t\000e\000u\000r}{section.6.22}% 313
\BOOKMARK [3][-]{subsubsection.6.22.3.1}{\376\377\000S\000e\000q\000u\000e\000n\000c\000e}{subsection.6.22.3}% 314
\BOOKMARK [3][-]{subsubsection.6.22.3.2}{\376\377\000S\000e\000q\000u\000e\000n\000c\000e}{subsection.6.22.3}% 315
\BOOKMARK [2][-]{subsection.6.22.4}{\376\377\000D\000o\000c\000u\000m\000e\000n\000t\000a\000t\000i\000o\000n\000\040\000d\000e\000s\000\040\000f\000o\000n\000c\000t\000i\000o\000n\000s\000\040\000m\000e\000m\000b\000r\000e\000s}{section.6.22}% 316
\BOOKMARK [3][-]{subsubsection.6.22.4.1}{\376\377\000\137\000a\000f\000t\000e\000r\000V\000a\000l\000i\000d\000a\000t\000i\000o\000n}{subsection.6.22.4}% 317
\BOOKMARK [3][-]{subsubsection.6.22.4.2}{\376\377\000\137\000b\000e\000f\000o\000r\000e\000V\000a\000l\000i\000d\000a\000t\000i\000o\000n}{subsection.6.22.4}% 318
\BOOKMARK [3][-]{subsubsection.6.22.4.3}{\376\377\000\137\000c\000o\000n\000t\000i\000n\000u\000e\000V\000a\000l\000i\000d\000a\000t\000i\000o\000n}{subsection.6.22.4}% 319
\BOOKMARK [3][-]{subsubsection.6.22.4.4}{\376\377\000\137\000s\000t\000a\000r\000t\000V\000a\000l\000i\000d\000a\000t\000i\000o\000n}{subsection.6.22.4}% 320
\BOOKMARK [3][-]{subsubsection.6.22.4.5}{\376\377\000a\000c\000c\000e\000p\000t}{subsection.6.22.4}% 321
\BOOKMARK [3][-]{subsubsection.6.22.4.6}{\376\377\000b\000e\000g\000i\000n}{subsection.6.22.4}% 322
\BOOKMARK [3][-]{subsubsection.6.22.4.7}{\376\377\000e\000n\000d}{subsection.6.22.4}% 323
\BOOKMARK [3][-]{subsubsection.6.22.4.8}{\376\377\000v\000a\000l\000i\000d\000a\000t\000e}{subsection.6.22.4}% 324
\BOOKMARK [2][-]{subsection.6.22.5}{\376\377\000D\000o\000c\000u\000m\000e\000n\000t\000a\000t\000i\000o\000n\000\040\000d\000e\000s\000\040\000d\000o\000n\000n\000\351\000e\000s\000\040\000m\000e\000m\000b\000r\000e\000s}{section.6.22}% 325
\BOOKMARK [3][-]{subsubsection.6.22.5.1}{\376\377\000\137\000e\000m\000b\000e\000d\000d\000e\000d\000C\000o\000n\000t\000e\000n\000t}{subsection.6.22.5}% 326
\BOOKMARK [3][-]{subsubsection.6.22.5.2}{\376\377\000\137\000s\000t\000a\000c\000k}{subsection.6.22.5}% 327
\BOOKMARK [1][-]{section.6.23}{\376\377\000R\000\351\000f\000\351\000r\000e\000n\000c\000e\000\040\000d\000e\000\040\000l\000a\000\040\000c\000l\000a\000s\000s\000e\000\040\000d\000t\000d\000:\000:\000T\000e\000x\000t\000C\000o\000n\000t\000e\000n\000t}{chapter.6}% 328
\BOOKMARK [2][-]{subsection.6.23.1}{\376\377\000D\000e\000s\000c\000r\000i\000p\000t\000i\000o\000n\000\040\000d\000\351\000t\000a\000i\000l\000l\000\351\000e}{section.6.23}% 329
\BOOKMARK [2][-]{subsection.6.23.2}{\376\377\000D\000o\000c\000u\000m\000e\000n\000t\000a\000t\000i\000o\000n\000\040\000d\000e\000s\000\040\000c\000o\000n\000s\000t\000r\000u\000c\000t\000e\000u\000r\000s\000\040\000e\000t\000\040\000d\000e\000s\000t\000r\000u\000c\000t\000e\000u\000r}{section.6.23}% 330
\BOOKMARK [3][-]{subsubsection.6.23.2.1}{\376\377\000T\000e\000x\000t\000C\000o\000n\000t\000e\000n\000t}{subsection.6.23.2}% 331
\BOOKMARK [3][-]{subsubsection.6.23.2.2}{\376\377\000T\000e\000x\000t\000C\000o\000n\000t\000e\000n\000t}{subsection.6.23.2}% 332
\BOOKMARK [2][-]{subsection.6.23.3}{\376\377\000D\000o\000c\000u\000m\000e\000n\000t\000a\000t\000i\000o\000n\000\040\000d\000e\000s\000\040\000f\000o\000n\000c\000t\000i\000o\000n\000s\000\040\000m\000e\000m\000b\000r\000e\000s}{section.6.23}% 333
\BOOKMARK [3][-]{subsubsection.6.23.3.1}{\376\377\000\137\000s\000t\000a\000r\000t\000V\000a\000l\000i\000d\000a\000t\000i\000o\000n}{subsection.6.23.3}% 334
\BOOKMARK [3][-]{subsubsection.6.23.3.2}{\376\377\000a\000c\000c\000e\000p\000t}{subsection.6.23.3}% 335
\BOOKMARK [3][-]{subsubsection.6.23.3.3}{\376\377\000v\000i\000s\000i\000t}{subsection.6.23.3}% 336
\BOOKMARK [3][-]{subsubsection.6.23.3.4}{\376\377\000v\000i\000s\000i\000t}{subsection.6.23.3}% 337
\BOOKMARK [3][-]{subsubsection.6.23.3.5}{\376\377\000v\000i\000s\000i\000t}{subsection.6.23.3}% 338
\BOOKMARK [2][-]{subsection.6.23.4}{\376\377\000D\000o\000c\000u\000m\000e\000n\000t\000a\000t\000i\000o\000n\000\040\000d\000e\000s\000\040\000d\000o\000n\000n\000\351\000e\000s\000\040\000m\000e\000m\000b\000r\000e\000s}{section.6.23}% 339
\BOOKMARK [3][-]{subsubsection.6.23.4.1}{\376\377\000\137\000v\000a\000l\000i\000d\000a\000t\000i\000o\000n\000R\000e\000s\000u\000l\000t}{subsection.6.23.4}% 340
\BOOKMARK [0][-]{chapter.7}{\376\377\000D\000o\000c\000u\000m\000e\000n\000t\000a\000t\000i\000o\000n\000\040\000d\000e\000s\000\040\000f\000i\000c\000h\000i\000e\000r\000s}{}% 341
\BOOKMARK [1][-]{section.7.1}{\376\377\000R\000\351\000f\000\351\000r\000e\000n\000c\000e\000\040\000d\000u\000\040\000f\000i\000c\000h\000i\000e\000r\000\040\000s\000r\000c\000/\000A\000n\000y\000C\000o\000n\000t\000e\000n\000t\000.\000c\000p\000p}{chapter.7}% 342
\BOOKMARK [1][-]{section.7.2}{\376\377\000R\000\351\000f\000\351\000r\000e\000n\000c\000e\000\040\000d\000u\000\040\000f\000i\000c\000h\000i\000e\000r\000\040\000s\000r\000c\000/\000A\000n\000y\000C\000o\000n\000t\000e\000n\000t\000.\000h\000h}{chapter.7}% 343
\BOOKMARK [1][-]{section.7.3}{\376\377\000R\000\351\000f\000\351\000r\000e\000n\000c\000e\000\040\000d\000u\000\040\000f\000i\000c\000h\000i\000e\000r\000\040\000s\000r\000c\000/\000A\000t\000t\000r\000i\000b\000u\000t\000e\000.\000c\000p\000p}{chapter.7}% 344
\BOOKMARK [1][-]{section.7.4}{\376\377\000R\000\351\000f\000\351\000r\000e\000n\000c\000e\000\040\000d\000u\000\040\000f\000i\000c\000h\000i\000e\000r\000\040\000s\000r\000c\000/\000A\000t\000t\000r\000i\000b\000u\000t\000e\000.\000h\000h}{chapter.7}% 345
\BOOKMARK [1][-]{section.7.5}{\376\377\000R\000\351\000f\000\351\000r\000e\000n\000c\000e\000\040\000d\000u\000\040\000f\000i\000c\000h\000i\000e\000r\000\040\000s\000r\000c\000/\000A\000t\000t\000r\000i\000b\000u\000t\000e\000s\000L\000i\000s\000t\000.\000h\000h}{chapter.7}% 346
\BOOKMARK [1][-]{section.7.6}{\376\377\000R\000\351\000f\000\351\000r\000e\000n\000c\000e\000\040\000d\000u\000\040\000f\000i\000c\000h\000i\000e\000r\000\040\000s\000r\000c\000/\000B\000r\000o\000w\000s\000a\000b\000l\000e\000C\000o\000n\000t\000e\000n\000t\000.\000c\000p\000p}{chapter.7}% 347
\BOOKMARK [1][-]{section.7.7}{\376\377\000R\000\351\000f\000\351\000r\000e\000n\000c\000e\000\040\000d\000u\000\040\000f\000i\000c\000h\000i\000e\000r\000\040\000s\000r\000c\000/\000B\000r\000o\000w\000s\000a\000b\000l\000e\000C\000o\000n\000t\000e\000n\000t\000.\000h\000h}{chapter.7}% 348
\BOOKMARK [1][-]{section.7.8}{\376\377\000R\000\351\000f\000\351\000r\000e\000n\000c\000e\000\040\000d\000u\000\040\000f\000i\000c\000h\000i\000e\000r\000\040\000s\000r\000c\000/\000C\000h\000o\000i\000c\000e\000.\000c\000p\000p}{chapter.7}% 349
\BOOKMARK [1][-]{section.7.9}{\376\377\000R\000\351\000f\000\351\000r\000e\000n\000c\000e\000\040\000d\000u\000\040\000f\000i\000c\000h\000i\000e\000r\000\040\000s\000r\000c\000/\000C\000h\000o\000i\000c\000e\000.\000h\000h}{chapter.7}% 350
\BOOKMARK [1][-]{section.7.10}{\376\377\000R\000\351\000f\000\351\000r\000e\000n\000c\000e\000\040\000d\000u\000\040\000f\000i\000c\000h\000i\000e\000r\000\040\000s\000r\000c\000/\000C\000o\000n\000t\000e\000n\000t\000.\000c\000p\000p}{chapter.7}% 351
\BOOKMARK [1][-]{section.7.11}{\376\377\000R\000\351\000f\000\351\000r\000e\000n\000c\000e\000\040\000d\000u\000\040\000f\000i\000c\000h\000i\000e\000r\000\040\000s\000r\000c\000/\000C\000o\000n\000t\000e\000n\000t\000.\000h\000h}{chapter.7}% 352
\BOOKMARK [1][-]{section.7.12}{\376\377\000R\000\351\000f\000\351\000r\000e\000n\000c\000e\000\040\000d\000u\000\040\000f\000i\000c\000h\000i\000e\000r\000\040\000s\000r\000c\000/\000D\000T\000D\000.\000c\000p\000p}{chapter.7}% 353
\BOOKMARK [1][-]{section.7.13}{\376\377\000R\000\351\000f\000\351\000r\000e\000n\000c\000e\000\040\000d\000u\000\040\000f\000i\000c\000h\000i\000e\000r\000\040\000s\000r\000c\000/\000D\000T\000D\000.\000h\000h}{chapter.7}% 354
\BOOKMARK [1][-]{section.7.14}{\376\377\000R\000\351\000f\000\351\000r\000e\000n\000c\000e\000\040\000d\000u\000\040\000f\000i\000c\000h\000i\000e\000r\000\040\000s\000r\000c\000/\000E\000l\000e\000m\000e\000n\000t\000C\000o\000n\000t\000e\000n\000t\000.\000c\000p\000p}{chapter.7}% 355
\BOOKMARK [1][-]{section.7.15}{\376\377\000R\000\351\000f\000\351\000r\000e\000n\000c\000e\000\040\000d\000u\000\040\000f\000i\000c\000h\000i\000e\000r\000\040\000s\000r\000c\000/\000E\000l\000e\000m\000e\000n\000t\000C\000o\000n\000t\000e\000n\000t\000.\000h\000h}{chapter.7}% 356
\BOOKMARK [1][-]{section.7.16}{\376\377\000R\000\351\000f\000\351\000r\000e\000n\000c\000e\000\040\000d\000u\000\040\000f\000i\000c\000h\000i\000e\000r\000\040\000s\000r\000c\000/\000E\000l\000e\000m\000e\000n\000t\000R\000e\000f\000e\000r\000e\000n\000c\000e\000.\000c\000p\000p}{chapter.7}% 357
\BOOKMARK [1][-]{section.7.17}{\376\377\000R\000\351\000f\000\351\000r\000e\000n\000c\000e\000\040\000d\000u\000\040\000f\000i\000c\000h\000i\000e\000r\000\040\000s\000r\000c\000/\000E\000l\000e\000m\000e\000n\000t\000R\000e\000f\000e\000r\000e\000n\000c\000e\000.\000h\000h}{chapter.7}% 358
\BOOKMARK [1][-]{section.7.18}{\376\377\000R\000\351\000f\000\351\000r\000e\000n\000c\000e\000\040\000d\000u\000\040\000f\000i\000c\000h\000i\000e\000r\000\040\000s\000r\000c\000/\000E\000m\000p\000t\000y\000C\000o\000n\000t\000e\000n\000t\000.\000c\000p\000p}{chapter.7}% 359
\BOOKMARK [1][-]{section.7.19}{\376\377\000R\000\351\000f\000\351\000r\000e\000n\000c\000e\000\040\000d\000u\000\040\000f\000i\000c\000h\000i\000e\000r\000\040\000s\000r\000c\000/\000E\000m\000p\000t\000y\000C\000o\000n\000t\000e\000n\000t\000.\000h\000h}{chapter.7}% 360
\BOOKMARK [1][-]{section.7.20}{\376\377\000R\000\351\000f\000\351\000r\000e\000n\000c\000e\000\040\000d\000u\000\040\000f\000i\000c\000h\000i\000e\000r\000\040\000s\000r\000c\000/\000I\000n\000t\000e\000r\000f\000a\000c\000e\000D\000T\000D\000V\000i\000s\000i\000t\000o\000r\000.\000h\000p\000p}{chapter.7}% 361
\BOOKMARK [1][-]{section.7.21}{\376\377\000R\000\351\000f\000\351\000r\000e\000n\000c\000e\000\040\000d\000u\000\040\000f\000i\000c\000h\000i\000e\000r\000\040\000s\000r\000c\000/\000M\000i\000x\000e\000d\000C\000o\000n\000t\000e\000n\000t\000.\000c\000p\000p}{chapter.7}% 362
\BOOKMARK [1][-]{section.7.22}{\376\377\000R\000\351\000f\000\351\000r\000e\000n\000c\000e\000\040\000d\000u\000\040\000f\000i\000c\000h\000i\000e\000r\000\040\000s\000r\000c\000/\000M\000i\000x\000e\000d\000C\000o\000n\000t\000e\000n\000t\000.\000h\000h}{chapter.7}% 363
\BOOKMARK [1][-]{section.7.23}{\376\377\000R\000\351\000f\000\351\000r\000e\000n\000c\000e\000\040\000d\000u\000\040\000f\000i\000c\000h\000i\000e\000r\000\040\000s\000r\000c\000/\000O\000p\000t\000i\000o\000n\000a\000l\000C\000o\000n\000t\000e\000n\000t\000.\000c\000p\000p}{chapter.7}% 364
\BOOKMARK [1][-]{section.7.24}{\376\377\000R\000\351\000f\000\351\000r\000e\000n\000c\000e\000\040\000d\000u\000\040\000f\000i\000c\000h\000i\000e\000r\000\040\000s\000r\000c\000/\000O\000p\000t\000i\000o\000n\000a\000l\000C\000o\000n\000t\000e\000n\000t\000.\000h\000h}{chapter.7}% 365
\BOOKMARK [1][-]{section.7.25}{\376\377\000R\000\351\000f\000\351\000r\000e\000n\000c\000e\000\040\000d\000u\000\040\000f\000i\000c\000h\000i\000e\000r\000\040\000s\000r\000c\000/\000O\000u\000t\000p\000u\000t\000D\000T\000D\000V\000i\000s\000i\000t\000o\000r\000.\000c\000p\000p}{chapter.7}% 366
\BOOKMARK [1][-]{section.7.26}{\376\377\000R\000\351\000f\000\351\000r\000e\000n\000c\000e\000\040\000d\000u\000\040\000f\000i\000c\000h\000i\000e\000r\000\040\000s\000r\000c\000/\000O\000u\000t\000p\000u\000t\000D\000T\000D\000V\000i\000s\000i\000t\000o\000r\000.\000h\000h}{chapter.7}% 367
\BOOKMARK [1][-]{section.7.27}{\376\377\000R\000\351\000f\000\351\000r\000e\000n\000c\000e\000\040\000d\000u\000\040\000f\000i\000c\000h\000i\000e\000r\000\040\000s\000r\000c\000/\000Q\000u\000a\000n\000t\000i\000f\000i\000a\000b\000l\000e\000C\000o\000n\000t\000e\000n\000t\000.\000c\000p\000p}{chapter.7}% 368
\BOOKMARK [1][-]{section.7.28}{\376\377\000R\000\351\000f\000\351\000r\000e\000n\000c\000e\000\040\000d\000u\000\040\000f\000i\000c\000h\000i\000e\000r\000\040\000s\000r\000c\000/\000Q\000u\000a\000n\000t\000i\000f\000i\000a\000b\000l\000e\000C\000o\000n\000t\000e\000n\000t\000.\000h\000h}{chapter.7}% 369
\BOOKMARK [1][-]{section.7.29}{\376\377\000R\000\351\000f\000\351\000r\000e\000n\000c\000e\000\040\000d\000u\000\040\000f\000i\000c\000h\000i\000e\000r\000\040\000s\000r\000c\000/\000Q\000u\000a\000n\000t\000i\000f\000i\000e\000d\000C\000o\000n\000t\000e\000n\000t\000.\000c\000p\000p}{chapter.7}% 370
\BOOKMARK [1][-]{section.7.30}{\376\377\000R\000\351\000f\000\351\000r\000e\000n\000c\000e\000\040\000d\000u\000\040\000f\000i\000c\000h\000i\000e\000r\000\040\000s\000r\000c\000/\000Q\000u\000a\000n\000t\000i\000f\000i\000e\000d\000C\000o\000n\000t\000e\000n\000t\000.\000h\000h}{chapter.7}% 371
\BOOKMARK [1][-]{section.7.31}{\376\377\000R\000\351\000f\000\351\000r\000e\000n\000c\000e\000\040\000d\000u\000\040\000f\000i\000c\000h\000i\000e\000r\000\040\000s\000r\000c\000/\000R\000e\000p\000e\000a\000t\000a\000b\000l\000e\000C\000o\000n\000t\000e\000n\000t\000.\000c\000p\000p}{chapter.7}% 372
\BOOKMARK [1][-]{section.7.32}{\376\377\000R\000\351\000f\000\351\000r\000e\000n\000c\000e\000\040\000d\000u\000\040\000f\000i\000c\000h\000i\000e\000r\000\040\000s\000r\000c\000/\000R\000e\000p\000e\000a\000t\000a\000b\000l\000e\000C\000o\000n\000t\000e\000n\000t\000.\000h\000h}{chapter.7}% 373
\BOOKMARK [1][-]{section.7.33}{\376\377\000R\000\351\000f\000\351\000r\000e\000n\000c\000e\000\040\000d\000u\000\040\000f\000i\000c\000h\000i\000e\000r\000\040\000s\000r\000c\000/\000R\000e\000p\000e\000a\000t\000e\000d\000C\000o\000n\000t\000e\000n\000t\000.\000c\000p\000p}{chapter.7}% 374
\BOOKMARK [1][-]{section.7.34}{\376\377\000R\000\351\000f\000\351\000r\000e\000n\000c\000e\000\040\000d\000u\000\040\000f\000i\000c\000h\000i\000e\000r\000\040\000s\000r\000c\000/\000R\000e\000p\000e\000a\000t\000e\000d\000C\000o\000n\000t\000e\000n\000t\000.\000h\000h}{chapter.7}% 375
\BOOKMARK [1][-]{section.7.35}{\376\377\000R\000\351\000f\000\351\000r\000e\000n\000c\000e\000\040\000d\000u\000\040\000f\000i\000c\000h\000i\000e\000r\000\040\000s\000r\000c\000/\000S\000e\000q\000u\000e\000n\000c\000e\000.\000c\000p\000p}{chapter.7}% 376
\BOOKMARK [1][-]{section.7.36}{\376\377\000R\000\351\000f\000\351\000r\000e\000n\000c\000e\000\040\000d\000u\000\040\000f\000i\000c\000h\000i\000e\000r\000\040\000s\000r\000c\000/\000S\000e\000q\000u\000e\000n\000c\000e\000.\000h\000h}{chapter.7}% 377
\BOOKMARK [1][-]{section.7.37}{\376\377\000R\000\351\000f\000\351\000r\000e\000n\000c\000e\000\040\000d\000u\000\040\000f\000i\000c\000h\000i\000e\000r\000\040\000s\000r\000c\000/\000T\000e\000x\000t\000C\000o\000n\000t\000e\000n\000t\000.\000c\000p\000p}{chapter.7}% 378
\BOOKMARK [1][-]{section.7.38}{\376\377\000R\000\351\000f\000\351\000r\000e\000n\000c\000e\000\040\000d\000u\000\040\000f\000i\000c\000h\000i\000e\000r\000\040\000s\000r\000c\000/\000T\000e\000x\000t\000C\000o\000n\000t\000e\000n\000t\000.\000h\000h}{chapter.7}% 379
