\BOOKMARK [0][-]{chapter.1}{\376\377\000I\000n\000d\000e\000x\000\040\000d\000e\000s\000\040\000e\000s\000p\000a\000c\000e\000s\000\040\000d\000e\000\040\000n\000o\000m\000m\000a\000g\000e}{}% 1
\BOOKMARK [1][-]{section.1.1}{\376\377\000L\000i\000s\000t\000e\000\040\000d\000e\000s\000\040\000e\000s\000p\000a\000c\000e\000s\000\040\000d\000e\000\040\000n\000o\000m\000m\000a\000g\000e}{chapter.1}% 2
\BOOKMARK [0][-]{chapter.2}{\376\377\000I\000n\000d\000e\000x\000\040\000d\000e\000s\000\040\000c\000l\000a\000s\000s\000e\000s}{}% 3
\BOOKMARK [1][-]{section.2.1}{\376\377\000H\000i\000\351\000r\000a\000r\000c\000h\000i\000e\000\040\000d\000e\000s\000\040\000c\000l\000a\000s\000s\000e\000s}{chapter.2}% 4
\BOOKMARK [0][-]{chapter.3}{\376\377\000I\000n\000d\000e\000x\000\040\000d\000e\000s\000\040\000c\000l\000a\000s\000s\000e\000s}{}% 5
\BOOKMARK [1][-]{section.3.1}{\376\377\000L\000i\000s\000t\000e\000\040\000d\000e\000s\000\040\000c\000l\000a\000s\000s\000e\000s}{chapter.3}% 6
\BOOKMARK [0][-]{chapter.4}{\376\377\000I\000n\000d\000e\000x\000\040\000d\000e\000s\000\040\000f\000i\000c\000h\000i\000e\000r\000s}{}% 7
\BOOKMARK [1][-]{section.4.1}{\376\377\000L\000i\000s\000t\000e\000\040\000d\000e\000s\000\040\000f\000i\000c\000h\000i\000e\000r\000s}{chapter.4}% 8
\BOOKMARK [0][-]{chapter.5}{\376\377\000D\000o\000c\000u\000m\000e\000n\000t\000a\000t\000i\000o\000n\000\040\000d\000e\000s\000\040\000e\000s\000p\000a\000c\000e\000s\000\040\000d\000e\000\040\000n\000o\000m\000m\000a\000g\000e}{}% 9
\BOOKMARK [1][-]{section.5.1}{\376\377\000R\000\351\000f\000\351\000r\000e\000n\000c\000e\000\040\000d\000e\000\040\000l\000'\000e\000s\000p\000a\000c\000e\000\040\000d\000e\000\040\000n\000o\000m\000m\000a\000g\000e\000\040\000x\000m\000l}{chapter.5}% 10
\BOOKMARK [0][-]{chapter.6}{\376\377\000D\000o\000c\000u\000m\000e\000n\000t\000a\000t\000i\000o\000n\000\040\000d\000e\000s\000\040\000c\000l\000a\000s\000s\000e\000s}{}% 11
\BOOKMARK [1][-]{section.6.1}{\376\377\000R\000\351\000f\000\351\000r\000e\000n\000c\000e\000\040\000d\000e\000\040\000l\000a\000\040\000c\000l\000a\000s\000s\000e\000\040\000x\000m\000l\000:\000:\000C\000o\000m\000p\000o\000s\000i\000t\000e\000M\000a\000r\000k\000u\000p\000N\000o\000d\000e}{chapter.6}% 12
\BOOKMARK [2][-]{subsection.6.1.1}{\376\377\000D\000e\000s\000c\000r\000i\000p\000t\000i\000o\000n\000\040\000d\000\351\000t\000a\000i\000l\000l\000\351\000e}{section.6.1}% 13
\BOOKMARK [2][-]{subsection.6.1.2}{\376\377\000D\000o\000c\000u\000m\000e\000n\000t\000a\000t\000i\000o\000n\000\040\000d\000e\000s\000\040\000d\000\351\000f\000i\000n\000i\000t\000i\000o\000n\000s\000\040\000d\000e\000\040\000t\000y\000p\000e\000\040\000m\000e\000m\000b\000r\000e\000s}{section.6.1}% 14
\BOOKMARK [3][-]{subsubsection.6.1.2.1}{\376\377\000\137\000C\000h\000i\000l\000d\000r\000e\000n}{subsection.6.1.2}% 15
\BOOKMARK [3][-]{subsubsection.6.1.2.2}{\376\377\000C\000h\000i\000l\000d\000r\000e\000n}{subsection.6.1.2}% 16
\BOOKMARK [3][-]{subsubsection.6.1.2.3}{\376\377\000C\000h\000i\000l\000d\000r\000e\000n\000I\000t\000e\000r\000a\000t\000o\000r}{subsection.6.1.2}% 17
\BOOKMARK [2][-]{subsection.6.1.3}{\376\377\000D\000o\000c\000u\000m\000e\000n\000t\000a\000t\000i\000o\000n\000\040\000d\000e\000s\000\040\000c\000o\000n\000s\000t\000r\000u\000c\000t\000e\000u\000r\000s\000\040\000e\000t\000\040\000d\000e\000s\000t\000r\000u\000c\000t\000e\000u\000r}{section.6.1}% 18
\BOOKMARK [3][-]{subsubsection.6.1.3.1}{\376\377\000C\000o\000m\000p\000o\000s\000i\000t\000e\000M\000a\000r\000k\000u\000p\000N\000o\000d\000e}{subsection.6.1.3}% 19
\BOOKMARK [3][-]{subsubsection.6.1.3.2}{\376\377\000C\000o\000m\000p\000o\000s\000i\000t\000e\000M\000a\000r\000k\000u\000p\000N\000o\000d\000e}{subsection.6.1.3}% 20
\BOOKMARK [2][-]{subsection.6.1.4}{\376\377\000D\000o\000c\000u\000m\000e\000n\000t\000a\000t\000i\000o\000n\000\040\000d\000e\000s\000\040\000f\000o\000n\000c\000t\000i\000o\000n\000s\000\040\000m\000e\000m\000b\000r\000e\000s}{section.6.1}% 21
\BOOKMARK [3][-]{subsubsection.6.1.4.1}{\376\377\000a\000c\000c\000e\000p\000t}{subsection.6.1.4}% 22
\BOOKMARK [3][-]{subsubsection.6.1.4.2}{\376\377\000b\000e\000g\000i\000n}{subsection.6.1.4}% 23
\BOOKMARK [3][-]{subsubsection.6.1.4.3}{\376\377\000e\000n\000d}{subsection.6.1.4}% 24
\BOOKMARK [2][-]{subsection.6.1.5}{\376\377\000D\000o\000c\000u\000m\000e\000n\000t\000a\000t\000i\000o\000n\000\040\000d\000e\000s\000\040\000d\000o\000n\000n\000\351\000e\000s\000\040\000m\000e\000m\000b\000r\000e\000s}{section.6.1}% 25
\BOOKMARK [3][-]{subsubsection.6.1.5.1}{\376\377\000\137\000c\000h\000i\000l\000d\000r\000e\000n}{subsection.6.1.5}% 26
\BOOKMARK [3][-]{subsubsection.6.1.5.2}{\376\377\000\137\000p\000r\000o\000x\000y\000T\000o\000S\000e\000l\000f}{subsection.6.1.5}% 27
\BOOKMARK [1][-]{section.6.2}{\376\377\000R\000\351\000f\000\351\000r\000e\000n\000c\000e\000\040\000d\000e\000\040\000l\000a\000\040\000c\000l\000a\000s\000s\000e\000\040\000x\000m\000l\000:\000:\000D\000o\000t\000O\000u\000t\000p\000u\000t\000V\000i\000s\000i\000t\000o\000r}{chapter.6}% 28
\BOOKMARK [2][-]{subsection.6.2.1}{\376\377\000D\000e\000s\000c\000r\000i\000p\000t\000i\000o\000n\000\040\000d\000\351\000t\000a\000i\000l\000l\000\351\000e}{section.6.2}% 29
\BOOKMARK [2][-]{subsection.6.2.2}{\376\377\000D\000o\000c\000u\000m\000e\000n\000t\000a\000t\000i\000o\000n\000\040\000d\000e\000s\000\040\000c\000o\000n\000s\000t\000r\000u\000c\000t\000e\000u\000r\000s\000\040\000e\000t\000\040\000d\000e\000s\000t\000r\000u\000c\000t\000e\000u\000r}{section.6.2}% 30
\BOOKMARK [3][-]{subsubsection.6.2.2.1}{\376\377\000D\000o\000t\000O\000u\000t\000p\000u\000t\000V\000i\000s\000i\000t\000o\000r}{subsection.6.2.2}% 31
\BOOKMARK [3][-]{subsubsection.6.2.2.2}{\376\377\000D\000o\000t\000O\000u\000t\000p\000u\000t\000V\000i\000s\000i\000t\000o\000r}{subsection.6.2.2}% 32
\BOOKMARK [2][-]{subsection.6.2.3}{\376\377\000D\000o\000c\000u\000m\000e\000n\000t\000a\000t\000i\000o\000n\000\040\000d\000e\000s\000\040\000f\000o\000n\000c\000t\000i\000o\000n\000s\000\040\000m\000e\000m\000b\000r\000e\000s}{section.6.2}% 33
\BOOKMARK [3][-]{subsubsection.6.2.3.1}{\376\377\000d\000e\000c\000l\000a\000r\000e\000N\000o\000d\000e}{subsection.6.2.3}% 34
\BOOKMARK [3][-]{subsubsection.6.2.3.2}{\376\377\000v\000i\000s\000i\000t}{subsection.6.2.3}% 35
\BOOKMARK [3][-]{subsubsection.6.2.3.3}{\376\377\000v\000i\000s\000i\000t}{subsection.6.2.3}% 36
\BOOKMARK [3][-]{subsubsection.6.2.3.4}{\376\377\000v\000i\000s\000i\000t}{subsection.6.2.3}% 37
\BOOKMARK [3][-]{subsubsection.6.2.3.5}{\376\377\000w\000r\000i\000t\000e\000A\000t\000t\000r\000i\000b\000u\000t\000e\000s}{subsection.6.2.3}% 38
\BOOKMARK [3][-]{subsubsection.6.2.3.6}{\376\377\000w\000r\000i\000t\000e\000D\000o\000t}{subsection.6.2.3}% 39
\BOOKMARK [3][-]{subsubsection.6.2.3.7}{\376\377\000w\000r\000i\000t\000e\000I\000d}{subsection.6.2.3}% 40
\BOOKMARK [2][-]{subsection.6.2.4}{\376\377\000D\000o\000c\000u\000m\000e\000n\000t\000a\000t\000i\000o\000n\000\040\000d\000e\000s\000\040\000d\000o\000n\000n\000\351\000e\000s\000\040\000m\000e\000m\000b\000r\000e\000s}{section.6.2}% 41
\BOOKMARK [3][-]{subsubsection.6.2.4.1}{\376\377\000\137\000d\000o\000c\000u\000m\000e\000n\000t}{subsection.6.2.4}% 42
\BOOKMARK [3][-]{subsubsection.6.2.4.2}{\376\377\000\137\000n\000o\000d\000e\000s\000C\000o\000u\000n\000t\000e\000r}{subsection.6.2.4}% 43
\BOOKMARK [3][-]{subsubsection.6.2.4.3}{\376\377\000\137\000o\000u\000t}{subsection.6.2.4}% 44
\BOOKMARK [3][-]{subsubsection.6.2.4.4}{\376\377\000G\000R\000A\000P\000H\000\137\000T\000Y\000P\000E}{subsection.6.2.4}% 45
\BOOKMARK [3][-]{subsubsection.6.2.4.5}{\376\377\000L\000I\000N\000K}{subsection.6.2.4}% 46
\BOOKMARK [3][-]{subsubsection.6.2.4.6}{\376\377\000t\000e\000x\000t\000N\000o\000d\000e\000s\000C\000o\000u\000n\000t}{subsection.6.2.4}% 47
\BOOKMARK [1][-]{section.6.3}{\376\377\000R\000\351\000f\000\351\000r\000e\000n\000c\000e\000\040\000d\000e\000\040\000l\000a\000\040\000c\000l\000a\000s\000s\000e\000\040\000x\000m\000l\000:\000:\000I\000n\000t\000e\000r\000f\000a\000c\000e\000N\000o\000d\000e\000V\000i\000s\000i\000t\000o\000r}{chapter.6}% 48
\BOOKMARK [2][-]{subsection.6.3.1}{\376\377\000D\000e\000s\000c\000r\000i\000p\000t\000i\000o\000n\000\040\000d\000\351\000t\000a\000i\000l\000l\000\351\000e}{section.6.3}% 49
\BOOKMARK [2][-]{subsection.6.3.2}{\376\377\000D\000o\000c\000u\000m\000e\000n\000t\000a\000t\000i\000o\000n\000\040\000d\000e\000s\000\040\000c\000o\000n\000s\000t\000r\000u\000c\000t\000e\000u\000r\000s\000\040\000e\000t\000\040\000d\000e\000s\000t\000r\000u\000c\000t\000e\000u\000r}{section.6.3}% 50
\BOOKMARK [3][-]{subsubsection.6.3.2.1}{\376\377\000I\000n\000t\000e\000r\000f\000a\000c\000e\000N\000o\000d\000e\000V\000i\000s\000i\000t\000o\000r}{subsection.6.3.2}% 51
\BOOKMARK [2][-]{subsection.6.3.3}{\376\377\000D\000o\000c\000u\000m\000e\000n\000t\000a\000t\000i\000o\000n\000\040\000d\000e\000s\000\040\000f\000o\000n\000c\000t\000i\000o\000n\000s\000\040\000m\000e\000m\000b\000r\000e\000s}{section.6.3}% 52
\BOOKMARK [3][-]{subsubsection.6.3.3.1}{\376\377\000v\000i\000s\000i\000t}{subsection.6.3.3}% 53
\BOOKMARK [3][-]{subsubsection.6.3.3.2}{\376\377\000v\000i\000s\000i\000t}{subsection.6.3.3}% 54
\BOOKMARK [3][-]{subsubsection.6.3.3.3}{\376\377\000v\000i\000s\000i\000t}{subsection.6.3.3}% 55
\BOOKMARK [2][-]{subsection.6.3.4}{\376\377\000D\000o\000c\000u\000m\000e\000n\000t\000a\000t\000i\000o\000n\000\040\000d\000e\000s\000\040\000f\000o\000n\000c\000t\000i\000o\000n\000s\000\040\000a\000m\000i\000e\000s\000\040\000e\000t\000\040\000a\000s\000s\000o\000c\000i\000\351\000e\000s}{section.6.3}% 56
\BOOKMARK [3][-]{subsubsection.6.3.4.1}{\376\377\000C\000o\000m\000p\000o\000s\000i\000t\000e\000M\000a\000r\000k\000u\000p\000N\000o\000d\000e}{subsection.6.3.4}% 57
\BOOKMARK [3][-]{subsubsection.6.3.4.2}{\376\377\000M\000a\000r\000k\000u\000p\000N\000o\000d\000e}{subsection.6.3.4}% 58
\BOOKMARK [3][-]{subsubsection.6.3.4.3}{\376\377\000T\000e\000x\000t\000N\000o\000d\000e}{subsection.6.3.4}% 59
\BOOKMARK [1][-]{section.6.4}{\376\377\000R\000\351\000f\000\351\000r\000e\000n\000c\000e\000\040\000d\000e\000\040\000l\000a\000\040\000c\000l\000a\000s\000s\000e\000\040\000x\000m\000l\000:\000:\000M\000a\000r\000k\000u\000p\000N\000o\000d\000e}{chapter.6}% 60
\BOOKMARK [2][-]{subsection.6.4.1}{\376\377\000D\000e\000s\000c\000r\000i\000p\000t\000i\000o\000n\000\040\000d\000\351\000t\000a\000i\000l\000l\000\351\000e}{section.6.4}% 61
\BOOKMARK [2][-]{subsection.6.4.2}{\376\377\000D\000o\000c\000u\000m\000e\000n\000t\000a\000t\000i\000o\000n\000\040\000d\000e\000s\000\040\000d\000\351\000f\000i\000n\000i\000t\000i\000o\000n\000s\000\040\000d\000e\000\040\000t\000y\000p\000e\000\040\000m\000e\000m\000b\000r\000e\000s}{section.6.4}% 62
\BOOKMARK [3][-]{subsubsection.6.4.2.1}{\376\377\000\137\000A\000t\000t\000r\000i\000b\000u\000t\000e\000s}{subsection.6.4.2}% 63
\BOOKMARK [3][-]{subsubsection.6.4.2.2}{\376\377\000A\000t\000t\000r\000i\000b\000u\000t\000e\000s}{subsection.6.4.2}% 64
\BOOKMARK [3][-]{subsubsection.6.4.2.3}{\376\377\000A\000t\000t\000r\000i\000b\000u\000t\000e\000s\000I\000t\000e\000r\000a\000t\000o\000r}{subsection.6.4.2}% 65
\BOOKMARK [2][-]{subsection.6.4.3}{\376\377\000D\000o\000c\000u\000m\000e\000n\000t\000a\000t\000i\000o\000n\000\040\000d\000e\000s\000\040\000c\000o\000n\000s\000t\000r\000u\000c\000t\000e\000u\000r\000s\000\040\000e\000t\000\040\000d\000e\000s\000t\000r\000u\000c\000t\000e\000u\000r}{section.6.4}% 66
\BOOKMARK [3][-]{subsubsection.6.4.3.1}{\376\377\000M\000a\000r\000k\000u\000p\000N\000o\000d\000e}{subsection.6.4.3}% 67
\BOOKMARK [3][-]{subsubsection.6.4.3.2}{\376\377\000M\000a\000r\000k\000u\000p\000N\000o\000d\000e}{subsection.6.4.3}% 68
\BOOKMARK [2][-]{subsection.6.4.4}{\376\377\000D\000o\000c\000u\000m\000e\000n\000t\000a\000t\000i\000o\000n\000\040\000d\000e\000s\000\040\000f\000o\000n\000c\000t\000i\000o\000n\000s\000\040\000m\000e\000m\000b\000r\000e\000s}{section.6.4}% 69
\BOOKMARK [3][-]{subsubsection.6.4.4.1}{\376\377\000a\000c\000c\000e\000p\000t}{subsection.6.4.4}% 70
\BOOKMARK [3][-]{subsubsection.6.4.4.2}{\376\377\000b\000e\000g\000i\000n}{subsection.6.4.4}% 71
\BOOKMARK [3][-]{subsubsection.6.4.4.3}{\376\377\000e\000n\000d}{subsection.6.4.4}% 72
\BOOKMARK [3][-]{subsubsection.6.4.4.4}{\376\377\000n\000a\000m\000e}{subsection.6.4.4}% 73
\BOOKMARK [3][-]{subsubsection.6.4.4.5}{\376\377\000n\000s}{subsection.6.4.4}% 74
\BOOKMARK [2][-]{subsection.6.4.5}{\376\377\000D\000o\000c\000u\000m\000e\000n\000t\000a\000t\000i\000o\000n\000\040\000d\000e\000s\000\040\000d\000o\000n\000n\000\351\000e\000s\000\040\000m\000e\000m\000b\000r\000e\000s}{section.6.4}% 75
\BOOKMARK [3][-]{subsubsection.6.4.5.1}{\376\377\000\137\000a\000t\000t\000r\000i\000b\000u\000t\000e\000s}{subsection.6.4.5}% 76
\BOOKMARK [3][-]{subsubsection.6.4.5.2}{\376\377\000\137\000n\000a\000m\000e}{subsection.6.4.5}% 77
\BOOKMARK [3][-]{subsubsection.6.4.5.3}{\376\377\000\137\000n\000a\000m\000e\000s\000p\000a\000c\000e}{subsection.6.4.5}% 78
\BOOKMARK [1][-]{section.6.5}{\376\377\000R\000\351\000f\000\351\000r\000e\000n\000c\000e\000\040\000d\000e\000\040\000l\000a\000\040\000c\000l\000a\000s\000s\000e\000\040\000x\000m\000l\000:\000:\000N\000o\000d\000e}{chapter.6}% 79
\BOOKMARK [2][-]{subsection.6.5.1}{\376\377\000D\000e\000s\000c\000r\000i\000p\000t\000i\000o\000n\000\040\000d\000\351\000t\000a\000i\000l\000l\000\351\000e}{section.6.5}% 80
\BOOKMARK [2][-]{subsection.6.5.2}{\376\377\000D\000o\000c\000u\000m\000e\000n\000t\000a\000t\000i\000o\000n\000\040\000d\000e\000s\000\040\000c\000o\000n\000s\000t\000r\000u\000c\000t\000e\000u\000r\000s\000\040\000e\000t\000\040\000d\000e\000s\000t\000r\000u\000c\000t\000e\000u\000r}{section.6.5}% 81
\BOOKMARK [3][-]{subsubsection.6.5.2.1}{\376\377\000N\000o\000d\000e}{subsection.6.5.2}% 82
\BOOKMARK [3][-]{subsubsection.6.5.2.2}{\376\377\000N\000o\000d\000e}{subsection.6.5.2}% 83
\BOOKMARK [2][-]{subsection.6.5.3}{\376\377\000D\000o\000c\000u\000m\000e\000n\000t\000a\000t\000i\000o\000n\000\040\000d\000e\000s\000\040\000f\000o\000n\000c\000t\000i\000o\000n\000s\000\040\000m\000e\000m\000b\000r\000e\000s}{section.6.5}% 84
\BOOKMARK [3][-]{subsubsection.6.5.3.1}{\376\377\000a\000c\000c\000e\000p\000t}{subsection.6.5.3}% 85
\BOOKMARK [3][-]{subsubsection.6.5.3.2}{\376\377\000p\000a\000r\000e\000n\000t}{subsection.6.5.3}% 86
\BOOKMARK [2][-]{subsection.6.5.4}{\376\377\000D\000o\000c\000u\000m\000e\000n\000t\000a\000t\000i\000o\000n\000\040\000d\000e\000s\000\040\000d\000o\000n\000n\000\351\000e\000s\000\040\000m\000e\000m\000b\000r\000e\000s}{section.6.5}% 87
\BOOKMARK [3][-]{subsubsection.6.5.4.1}{\376\377\000\137\000p\000a\000r\000e\000n\000t}{subsection.6.5.4}% 88
\BOOKMARK [1][-]{section.6.6}{\376\377\000R\000\351\000f\000\351\000r\000e\000n\000c\000e\000\040\000d\000e\000\040\000l\000a\000\040\000c\000l\000a\000s\000s\000e\000\040\000x\000m\000l\000:\000:\000O\000u\000t\000p\000u\000t\000V\000i\000s\000i\000t\000o\000r}{chapter.6}% 89
\BOOKMARK [2][-]{subsection.6.6.1}{\376\377\000D\000e\000s\000c\000r\000i\000p\000t\000i\000o\000n\000\040\000d\000\351\000t\000a\000i\000l\000l\000\351\000e}{section.6.6}% 90
\BOOKMARK [2][-]{subsection.6.6.2}{\376\377\000D\000o\000c\000u\000m\000e\000n\000t\000a\000t\000i\000o\000n\000\040\000d\000e\000s\000\040\000c\000o\000n\000s\000t\000r\000u\000c\000t\000e\000u\000r\000s\000\040\000e\000t\000\040\000d\000e\000s\000t\000r\000u\000c\000t\000e\000u\000r}{section.6.6}% 91
\BOOKMARK [3][-]{subsubsection.6.6.2.1}{\376\377\000O\000u\000t\000p\000u\000t\000V\000i\000s\000i\000t\000o\000r}{subsection.6.6.2}% 92
\BOOKMARK [3][-]{subsubsection.6.6.2.2}{\376\377\000O\000u\000t\000p\000u\000t\000V\000i\000s\000i\000t\000o\000r}{subsection.6.6.2}% 93
\BOOKMARK [2][-]{subsection.6.6.3}{\376\377\000D\000o\000c\000u\000m\000e\000n\000t\000a\000t\000i\000o\000n\000\040\000d\000e\000s\000\040\000f\000o\000n\000c\000t\000i\000o\000n\000s\000\040\000m\000e\000m\000b\000r\000e\000s}{section.6.6}% 94
\BOOKMARK [3][-]{subsubsection.6.6.3.1}{\376\377\000d\000o\000I\000n\000d\000e\000n\000t}{subsection.6.6.3}% 95
\BOOKMARK [3][-]{subsubsection.6.6.3.2}{\376\377\000v\000i\000s\000i\000t}{subsection.6.6.3}% 96
\BOOKMARK [3][-]{subsubsection.6.6.3.3}{\376\377\000v\000i\000s\000i\000t}{subsection.6.6.3}% 97
\BOOKMARK [3][-]{subsubsection.6.6.3.4}{\376\377\000v\000i\000s\000i\000t}{subsection.6.6.3}% 98
\BOOKMARK [3][-]{subsubsection.6.6.3.5}{\376\377\000w\000r\000i\000t\000e\000M\000a\000r\000k\000u\000p\000O\000p\000e\000n\000i\000n\000g}{subsection.6.6.3}% 99
\BOOKMARK [2][-]{subsection.6.6.4}{\376\377\000D\000o\000c\000u\000m\000e\000n\000t\000a\000t\000i\000o\000n\000\040\000d\000e\000s\000\040\000d\000o\000n\000n\000\351\000e\000s\000\040\000m\000e\000m\000b\000r\000e\000s}{section.6.6}% 100
\BOOKMARK [3][-]{subsubsection.6.6.4.1}{\376\377\000\137\000i\000n\000d\000e\000n\000t}{subsection.6.6.4}% 101
\BOOKMARK [3][-]{subsubsection.6.6.4.2}{\376\377\000\137\000i\000n\000d\000e\000n\000t\000C\000h\000a\000r}{subsection.6.6.4}% 102
\BOOKMARK [3][-]{subsubsection.6.6.4.3}{\376\377\000\137\000i\000n\000d\000e\000n\000t\000U\000n\000i\000t}{subsection.6.6.4}% 103
\BOOKMARK [3][-]{subsubsection.6.6.4.4}{\376\377\000\137\000o\000u\000t}{subsection.6.6.4}% 104
\BOOKMARK [3][-]{subsubsection.6.6.4.5}{\376\377\000A\000S\000S\000I\000G\000N\000\137\000A\000T\000T\000R\000I\000B\000U\000T\000E\000\137\000V\000A\000L\000U\000E\000\137\000S\000T\000R}{subsection.6.6.4}% 105
\BOOKMARK [3][-]{subsubsection.6.6.4.6}{\376\377\000C\000L\000O\000S\000E\000\137\000A\000T\000T\000R\000I\000B\000U\000T\000E\000\137\000V\000A\000L\000U\000E\000\137\000S\000T\000R}{subsection.6.6.4}% 106
\BOOKMARK [3][-]{subsubsection.6.6.4.7}{\376\377\000C\000L\000O\000S\000E\000\137\000M\000A\000R\000K\000U\000P\000\137\000S\000T\000R}{subsection.6.6.4}% 107
\BOOKMARK [3][-]{subsubsection.6.6.4.8}{\376\377\000C\000L\000O\000S\000I\000N\000G\000\137\000M\000A\000R\000K\000U\000P\000\137\000S\000T\000R}{subsection.6.6.4}% 108
\BOOKMARK [3][-]{subsubsection.6.6.4.9}{\376\377\000D\000E\000F\000A\000U\000L\000T\000\137\000I\000N\000D\000E\000N\000T\000\137\000C\000H\000A\000R}{subsection.6.6.4}% 109
\BOOKMARK [3][-]{subsubsection.6.6.4.10}{\376\377\000D\000E\000F\000A\000U\000L\000T\000\137\000I\000N\000D\000E\000N\000T\000\137\000U\000N\000I\000T}{subsection.6.6.4}% 110
\BOOKMARK [3][-]{subsubsection.6.6.4.11}{\376\377\000I\000N\000S\000I\000D\000E\000\137\000M\000A\000R\000K\000U\000P\000\137\000S\000P\000A\000C\000E\000\137\000S\000T\000R}{subsection.6.6.4}% 111
\BOOKMARK [3][-]{subsubsection.6.6.4.12}{\376\377\000N\000S\000\137\000S\000E\000P\000A\000R\000A\000T\000O\000R\000\137\000S\000T\000R}{subsection.6.6.4}% 112
\BOOKMARK [3][-]{subsubsection.6.6.4.13}{\376\377\000O\000P\000E\000N\000\137\000A\000T\000T\000R\000I\000B\000U\000T\000E\000\137\000V\000A\000L\000U\000E\000\137\000S\000T\000R}{subsection.6.6.4}% 113
\BOOKMARK [3][-]{subsubsection.6.6.4.14}{\376\377\000O\000P\000E\000N\000\137\000M\000A\000R\000K\000U\000P\000\137\000S\000T\000R}{subsection.6.6.4}% 114
\BOOKMARK [1][-]{section.6.7}{\376\377\000R\000\351\000f\000\351\000r\000e\000n\000c\000e\000\040\000d\000e\000\040\000l\000a\000\040\000c\000l\000a\000s\000s\000e\000\040\000x\000m\000l\000:\000:\000T\000e\000x\000t\000N\000o\000d\000e}{chapter.6}% 115
\BOOKMARK [2][-]{subsection.6.7.1}{\376\377\000D\000e\000s\000c\000r\000i\000p\000t\000i\000o\000n\000\040\000d\000\351\000t\000a\000i\000l\000l\000\351\000e}{section.6.7}% 116
\BOOKMARK [2][-]{subsection.6.7.2}{\376\377\000D\000o\000c\000u\000m\000e\000n\000t\000a\000t\000i\000o\000n\000\040\000d\000e\000s\000\040\000c\000o\000n\000s\000t\000r\000u\000c\000t\000e\000u\000r\000s\000\040\000e\000t\000\040\000d\000e\000s\000t\000r\000u\000c\000t\000e\000u\000r}{section.6.7}% 117
\BOOKMARK [3][-]{subsubsection.6.7.2.1}{\376\377\000T\000e\000x\000t\000N\000o\000d\000e}{subsection.6.7.2}% 118
\BOOKMARK [3][-]{subsubsection.6.7.2.2}{\376\377\000T\000e\000x\000t\000N\000o\000d\000e}{subsection.6.7.2}% 119
\BOOKMARK [2][-]{subsection.6.7.3}{\376\377\000D\000o\000c\000u\000m\000e\000n\000t\000a\000t\000i\000o\000n\000\040\000d\000e\000s\000\040\000f\000o\000n\000c\000t\000i\000o\000n\000s\000\040\000m\000e\000m\000b\000r\000e\000s}{section.6.7}% 120
\BOOKMARK [3][-]{subsubsection.6.7.3.1}{\376\377\000a\000c\000c\000e\000p\000t}{subsection.6.7.3}% 121
\BOOKMARK [3][-]{subsubsection.6.7.3.2}{\376\377\000c\000o\000n\000t\000e\000n\000t}{subsection.6.7.3}% 122
\BOOKMARK [2][-]{subsection.6.7.4}{\376\377\000D\000o\000c\000u\000m\000e\000n\000t\000a\000t\000i\000o\000n\000\040\000d\000e\000s\000\040\000d\000o\000n\000n\000\351\000e\000s\000\040\000m\000e\000m\000b\000r\000e\000s}{section.6.7}% 123
\BOOKMARK [3][-]{subsubsection.6.7.4.1}{\376\377\000\137\000c\000o\000n\000t\000e\000n\000t}{subsection.6.7.4}% 124
\BOOKMARK [0][-]{chapter.7}{\376\377\000D\000o\000c\000u\000m\000e\000n\000t\000a\000t\000i\000o\000n\000\040\000d\000e\000s\000\040\000f\000i\000c\000h\000i\000e\000r\000s}{}% 125
\BOOKMARK [1][-]{section.7.1}{\376\377\000R\000\351\000f\000\351\000r\000e\000n\000c\000e\000\040\000d\000u\000\040\000f\000i\000c\000h\000i\000e\000r\000\040\000s\000r\000c\000/\000C\000o\000m\000p\000o\000s\000i\000t\000e\000M\000a\000r\000k\000u\000p\000N\000o\000d\000e\000.\000c\000p\000p}{chapter.7}% 126
\BOOKMARK [1][-]{section.7.2}{\376\377\000R\000\351\000f\000\351\000r\000e\000n\000c\000e\000\040\000d\000u\000\040\000f\000i\000c\000h\000i\000e\000r\000\040\000s\000r\000c\000/\000C\000o\000m\000p\000o\000s\000i\000t\000e\000M\000a\000r\000k\000u\000p\000N\000o\000d\000e\000.\000h\000h}{chapter.7}% 127
\BOOKMARK [1][-]{section.7.3}{\376\377\000R\000\351\000f\000\351\000r\000e\000n\000c\000e\000\040\000d\000u\000\040\000f\000i\000c\000h\000i\000e\000r\000\040\000s\000r\000c\000/\000D\000o\000t\000O\000u\000t\000p\000u\000t\000V\000i\000s\000i\000t\000o\000r\000.\000c\000p\000p}{chapter.7}% 128
\BOOKMARK [1][-]{section.7.4}{\376\377\000R\000\351\000f\000\351\000r\000e\000n\000c\000e\000\040\000d\000u\000\040\000f\000i\000c\000h\000i\000e\000r\000\040\000s\000r\000c\000/\000D\000o\000t\000O\000u\000t\000p\000u\000t\000V\000i\000s\000i\000t\000o\000r\000.\000h\000h}{chapter.7}% 129
\BOOKMARK [1][-]{section.7.5}{\376\377\000R\000\351\000f\000\351\000r\000e\000n\000c\000e\000\040\000d\000u\000\040\000f\000i\000c\000h\000i\000e\000r\000\040\000s\000r\000c\000/\000I\000n\000t\000e\000r\000f\000a\000c\000e\000N\000o\000d\000e\000V\000i\000s\000i\000t\000o\000r\000.\000h\000p\000p}{chapter.7}% 130
\BOOKMARK [1][-]{section.7.6}{\376\377\000R\000\351\000f\000\351\000r\000e\000n\000c\000e\000\040\000d\000u\000\040\000f\000i\000c\000h\000i\000e\000r\000\040\000s\000r\000c\000/\000M\000a\000r\000k\000u\000p\000N\000o\000d\000e\000.\000c\000p\000p}{chapter.7}% 131
\BOOKMARK [1][-]{section.7.7}{\376\377\000R\000\351\000f\000\351\000r\000e\000n\000c\000e\000\040\000d\000u\000\040\000f\000i\000c\000h\000i\000e\000r\000\040\000s\000r\000c\000/\000M\000a\000r\000k\000u\000p\000N\000o\000d\000e\000.\000h\000h}{chapter.7}% 132
\BOOKMARK [1][-]{section.7.8}{\376\377\000R\000\351\000f\000\351\000r\000e\000n\000c\000e\000\040\000d\000u\000\040\000f\000i\000c\000h\000i\000e\000r\000\040\000s\000r\000c\000/\000N\000o\000d\000e\000.\000c\000p\000p}{chapter.7}% 133
\BOOKMARK [1][-]{section.7.9}{\376\377\000R\000\351\000f\000\351\000r\000e\000n\000c\000e\000\040\000d\000u\000\040\000f\000i\000c\000h\000i\000e\000r\000\040\000s\000r\000c\000/\000N\000o\000d\000e\000.\000h\000h}{chapter.7}% 134
\BOOKMARK [1][-]{section.7.10}{\376\377\000R\000\351\000f\000\351\000r\000e\000n\000c\000e\000\040\000d\000u\000\040\000f\000i\000c\000h\000i\000e\000r\000\040\000s\000r\000c\000/\000O\000u\000t\000p\000u\000t\000V\000i\000s\000i\000t\000o\000r\000.\000c\000p\000p}{chapter.7}% 135
\BOOKMARK [1][-]{section.7.11}{\376\377\000R\000\351\000f\000\351\000r\000e\000n\000c\000e\000\040\000d\000u\000\040\000f\000i\000c\000h\000i\000e\000r\000\040\000s\000r\000c\000/\000O\000u\000t\000p\000u\000t\000V\000i\000s\000i\000t\000o\000r\000.\000h\000h}{chapter.7}% 136
\BOOKMARK [1][-]{section.7.12}{\376\377\000R\000\351\000f\000\351\000r\000e\000n\000c\000e\000\040\000d\000u\000\040\000f\000i\000c\000h\000i\000e\000r\000\040\000s\000r\000c\000/\000T\000e\000x\000t\000N\000o\000d\000e\000.\000c\000p\000p}{chapter.7}% 137
\BOOKMARK [1][-]{section.7.13}{\376\377\000R\000\351\000f\000\351\000r\000e\000n\000c\000e\000\040\000d\000u\000\040\000f\000i\000c\000h\000i\000e\000r\000\040\000s\000r\000c\000/\000T\000e\000x\000t\000N\000o\000d\000e\000.\000h\000h}{chapter.7}% 138
